2019-08-17 08:40:49,509 ERROR 4572 [-/::1/-/25ms POST //user/register] nodejs.Error: Please set config.keys first
    at Application.get keys [as keys] (D:\high-node\exercise\project\serverEgg\node_modules\egg\lib\application.js:266:15)
    at Object.get cookies [as cookies] (D:\high-node\exercise\project\serverEgg\node_modules\egg\app\extend\context.js:22:66)
    at Object.get [egg-security#CSRF_SECRET] (D:\high-node\exercise\project\serverEgg\node_modules\egg-security\app\extend\context.js:87:33)
    at Object.ensureCsrfSecret (D:\high-node\exercise\project\serverEgg\node_modules\egg-security\app\extend\context.js:98:13)
    at csrf (D:\high-node\exercise\project\serverEgg\node_modules\egg-security\lib\middlewares\csrf.js:15:11)
    at dispatch (D:\high-node\exercise\project\serverEgg\node_modules\koa-compose\index.js:42:32)
    at D:\high-node\exercise\project\serverEgg\node_modules\koa-compose\index.js:34:12
    at dispatch (D:\high-node\exercise\project\serverEgg\node_modules\koa-compose\index.js:42:32)
    at session (D:\high-node\exercise\project\serverEgg\node_modules\koa-session\index.js:41:13)
    at dispatch (D:\high-node\exercise\project\serverEgg\node_modules\koa-compose\index.js:42:32)

pid: 4572
hostname: DESKTOP-0Q5T0JS

2019-08-17 09:30:31,886 ERROR 16368 nodejs.EPERMError: EPERM: operation not permitted, watch
    at FSEvent.FSWatcher._handle.onchange (internal/fs/watchers.js:123:28)
errno: -4048
syscall: "watch"
code: "EPERM"
filename: null
dir: "D:\\high-node\\exercise\\project\\serverEgg\\app\\controller\\user"
name: "EPERMError"
pid: 16368
hostname: DESKTOP-0Q5T0JS

2019-08-17 09:31:09,329 ERROR 16368 nodejs.unhandledExceptionError: read ECONNRESET
    at TCP.onStreamRead (internal/stream_base_commons.js:183:27)
errno: "ECONNRESET"
code: "ECONNRESET"
syscall: "read"
name: "unhandledExceptionError"
pid: 16368
hostname: DESKTOP-0Q5T0JS

2019-08-18 15:21:49,631 ERROR 18288 nodejs.ClusterClientNoResponseError: client no response in 1448782ms exceeding maxIdleTime 60000ms, maybe the connection is close on other side.
    at Timeout._onTimeout (D:\high-node\exercise\project\serverEgg\node_modules\cluster-client\lib\leader.js:77:23)
    at listOnTimeout (internal/timers.js:531:17)
    at processTimers (internal/timers.js:475:7)
name: "ClusterClientNoResponseError"
pid: 18288
hostname: DESKTOP-0Q5T0JS

2019-08-20 18:21:54,264 ERROR 20504 nodejs.unhandledExceptionError: read ECONNRESET
    at TCP.onStreamRead (internal/stream_base_commons.js:183:27)
errno: "ECONNRESET"
code: "ECONNRESET"
syscall: "read"
name: "unhandledExceptionError"
pid: 20504
hostname: DESKTOP-0Q5T0JS

2019-08-20 19:16:31,625 ERROR 20504 nodejs.ClusterClientNoResponseError: client no response in 129467ms exceeding maxIdleTime 60000ms, maybe the connection is close on other side.
    at Timeout._onTimeout (D:\high-node\exercise\project\serverEgg\node_modules\cluster-client\lib\leader.js:77:23)
    at listOnTimeout (internal/timers.js:531:17)
    at processTimers (internal/timers.js:475:7)
name: "ClusterClientNoResponseError"
pid: 20504
hostname: DESKTOP-0Q5T0JS

2019-08-20 19:39:01,028 ERROR 16948 [-/127.0.0.1/-/6ms GET /user/list?limit=5&pages=0] nodejs.TypeError: Cannot read property 'intercept' of undefined
    at intercept (D:\high-node\exercise\project\serverEgg\app\middleware\intercept.js:6:32)
    at dispatch (D:\high-node\exercise\project\serverEgg\node_modules\@eggjs\router\node_modules\koa-compose\index.js:44:32)
    at next (D:\high-node\exercise\project\serverEgg\node_modules\@eggjs\router\node_modules\koa-compose\index.js:45:18)
    at D:\high-node\exercise\project\serverEgg\node_modules\@eggjs\router\lib\router.js:190:18
    at dispatch (D:\high-node\exercise\project\serverEgg\node_modules\@eggjs\router\node_modules\koa-compose\index.js:44:32)
    at D:\high-node\exercise\project\serverEgg\node_modules\@eggjs\router\node_modules\koa-compose\index.js:36:12
    at dispatch (D:\high-node\exercise\project\serverEgg\node_modules\@eggjs\router\lib\router.js:195:33)
    at dispatch (D:\high-node\exercise\project\serverEgg\node_modules\koa-compose\index.js:42:32)
    at D:\high-node\exercise\project\serverEgg\node_modules\egg-development\app\middleware\egg_loader_trace.js:9:56
    at dispatch (D:\high-node\exercise\project\serverEgg\node_modules\koa-compose\index.js:42:32)

pid: 16948
hostname: DESKTOP-0Q5T0JS

2019-08-20 19:45:36,819 ERROR 4344 [-/127.0.0.1/-/14ms GET /user/list?limit=5&pages=0] nodejs.ER_BAD_FIELD_ERRORError: ER_BAD_FIELD_ERROR: Unknown column 'NaN' in 'where clause'
    at Query.Sequence._packetToError (D:\high-node\exercise\project\serverEgg\node_modules\mysql\lib\protocol\sequences\Sequence.js:47:14)
    at Query.ErrorPacket (D:\high-node\exercise\project\serverEgg\node_modules\mysql\lib\protocol\sequences\Query.js:77:18)
    at Protocol._parsePacket (D:\high-node\exercise\project\serverEgg\node_modules\mysql\lib\protocol\Protocol.js:291:23)
    at Parser._parsePacket (D:\high-node\exercise\project\serverEgg\node_modules\mysql\lib\protocol\Parser.js:433:10)
    at Parser.write (D:\high-node\exercise\project\serverEgg\node_modules\mysql\lib\protocol\Parser.js:43:10)
    at Protocol.write (D:\high-node\exercise\project\serverEgg\node_modules\mysql\lib\protocol\Protocol.js:38:16)
    at Socket.<anonymous> (D:\high-node\exercise\project\serverEgg\node_modules\mysql\lib\Connection.js:91:28)
    at Socket.<anonymous> (D:\high-node\exercise\project\serverEgg\node_modules\mysql\lib\Connection.js:525:10)
    at Socket.emit (events.js:203:13)
    at addChunk (_stream_readable.js:294:12)
    --------------------
    at Pool.query (D:\high-node\exercise\project\serverEgg\node_modules\mysql\lib\Pool.js:199:23)
    at D:\high-node\exercise\project\serverEgg\node_modules\ali-rds\node_modules\pify\index.js:29:7
    at new Promise (<anonymous>)
    at Pool.<anonymous> (D:\high-node\exercise\project\serverEgg\node_modules\ali-rds\node_modules\pify\index.js:12:10)
    at Pool.ret [as query] (D:\high-node\exercise\project\serverEgg\node_modules\ali-rds\node_modules\pify\index.js:56:34)
    at RDSClient.proto._query (D:\high-node\exercise\project\serverEgg\node_modules\ali-rds\lib\client.js:34:20)
    at RDSClient.proto.query (D:\high-node\exercise\project\serverEgg\node_modules\ali-rds\lib\operator.js:54:29)
    at proto.query.next (<anonymous>)
    at onFulfilled (D:\high-node\exercise\project\serverEgg\node_modules\co\index.js:65:19)
    at D:\high-node\exercise\project\serverEgg\node_modules\co\index.js:54:5
    sql: SELECT * FROM `user` WHERE `id` = NaN LIMIT 0, 1
code: "ER_BAD_FIELD_ERROR"
errno: 1054
sqlMessage: "Unknown column 'NaN' in 'where clause'"
sqlState: "42S22"
index: 0
sql: "SELECT * FROM `user` WHERE `id` = NaN LIMIT 0, 1"
name: "ER_BAD_FIELD_ERRORError"
pid: 4344
hostname: DESKTOP-0Q5T0JS

2019-08-20 19:45:39,331 ERROR 4344 [-/127.0.0.1/-/4ms GET /user/list?limit=5&pages=0] nodejs.ER_BAD_FIELD_ERRORError: ER_BAD_FIELD_ERROR: Unknown column 'NaN' in 'where clause'
    at Query.Sequence._packetToError (D:\high-node\exercise\project\serverEgg\node_modules\mysql\lib\protocol\sequences\Sequence.js:47:14)
    at Query.ErrorPacket (D:\high-node\exercise\project\serverEgg\node_modules\mysql\lib\protocol\sequences\Query.js:77:18)
    at Protocol._parsePacket (D:\high-node\exercise\project\serverEgg\node_modules\mysql\lib\protocol\Protocol.js:291:23)
    at Parser._parsePacket (D:\high-node\exercise\project\serverEgg\node_modules\mysql\lib\protocol\Parser.js:433:10)
    at Parser.write (D:\high-node\exercise\project\serverEgg\node_modules\mysql\lib\protocol\Parser.js:43:10)
    at Protocol.write (D:\high-node\exercise\project\serverEgg\node_modules\mysql\lib\protocol\Protocol.js:38:16)
    at Socket.<anonymous> (D:\high-node\exercise\project\serverEgg\node_modules\mysql\lib\Connection.js:91:28)
    at Socket.<anonymous> (D:\high-node\exercise\project\serverEgg\node_modules\mysql\lib\Connection.js:525:10)
    at Socket.emit (events.js:203:13)
    at addChunk (_stream_readable.js:294:12)
    --------------------
    at Pool.query (D:\high-node\exercise\project\serverEgg\node_modules\mysql\lib\Pool.js:199:23)
    at D:\high-node\exercise\project\serverEgg\node_modules\ali-rds\node_modules\pify\index.js:29:7
    at new Promise (<anonymous>)
    at Pool.<anonymous> (D:\high-node\exercise\project\serverEgg\node_modules\ali-rds\node_modules\pify\index.js:12:10)
    at Pool.ret [as query] (D:\high-node\exercise\project\serverEgg\node_modules\ali-rds\node_modules\pify\index.js:56:34)
    at RDSClient.proto._query (D:\high-node\exercise\project\serverEgg\node_modules\ali-rds\lib\client.js:34:20)
    at RDSClient.proto.query (D:\high-node\exercise\project\serverEgg\node_modules\ali-rds\lib\operator.js:54:29)
    at proto.query.next (<anonymous>)
    at onFulfilled (D:\high-node\exercise\project\serverEgg\node_modules\co\index.js:65:19)
    at D:\high-node\exercise\project\serverEgg\node_modules\co\index.js:54:5
    sql: SELECT * FROM `user` WHERE `id` = NaN LIMIT 0, 1
code: "ER_BAD_FIELD_ERROR"
errno: 1054
sqlMessage: "Unknown column 'NaN' in 'where clause'"
sqlState: "42S22"
index: 0
sql: "SELECT * FROM `user` WHERE `id` = NaN LIMIT 0, 1"
name: "ER_BAD_FIELD_ERRORError"
pid: 4344
hostname: DESKTOP-0Q5T0JS

2019-08-20 19:48:01,815 ERROR 11344 [-/127.0.0.1/-/7ms GET /user/list?limit=5&pages=0] nodejs.ER_BAD_FIELD_ERRORError: ER_BAD_FIELD_ERROR: Unknown column 'NaN' in 'where clause'
    at Query.Sequence._packetToError (D:\high-node\exercise\project\serverEgg\node_modules\mysql\lib\protocol\sequences\Sequence.js:47:14)
    at Query.ErrorPacket (D:\high-node\exercise\project\serverEgg\node_modules\mysql\lib\protocol\sequences\Query.js:77:18)
    at Protocol._parsePacket (D:\high-node\exercise\project\serverEgg\node_modules\mysql\lib\protocol\Protocol.js:291:23)
    at Parser._parsePacket (D:\high-node\exercise\project\serverEgg\node_modules\mysql\lib\protocol\Parser.js:433:10)
    at Parser.write (D:\high-node\exercise\project\serverEgg\node_modules\mysql\lib\protocol\Parser.js:43:10)
    at Protocol.write (D:\high-node\exercise\project\serverEgg\node_modules\mysql\lib\protocol\Protocol.js:38:16)
    at Socket.<anonymous> (D:\high-node\exercise\project\serverEgg\node_modules\mysql\lib\Connection.js:91:28)
    at Socket.<anonymous> (D:\high-node\exercise\project\serverEgg\node_modules\mysql\lib\Connection.js:525:10)
    at Socket.emit (events.js:203:13)
    at addChunk (_stream_readable.js:294:12)
    --------------------
    at Pool.query (D:\high-node\exercise\project\serverEgg\node_modules\mysql\lib\Pool.js:199:23)
    at D:\high-node\exercise\project\serverEgg\node_modules\ali-rds\node_modules\pify\index.js:29:7
    at new Promise (<anonymous>)
    at Pool.<anonymous> (D:\high-node\exercise\project\serverEgg\node_modules\ali-rds\node_modules\pify\index.js:12:10)
    at Pool.ret [as query] (D:\high-node\exercise\project\serverEgg\node_modules\ali-rds\node_modules\pify\index.js:56:34)
    at RDSClient.proto._query (D:\high-node\exercise\project\serverEgg\node_modules\ali-rds\lib\client.js:34:20)
    at RDSClient.proto.query (D:\high-node\exercise\project\serverEgg\node_modules\ali-rds\lib\operator.js:54:29)
    at proto.query.next (<anonymous>)
    at onFulfilled (D:\high-node\exercise\project\serverEgg\node_modules\co\index.js:65:19)
    at D:\high-node\exercise\project\serverEgg\node_modules\co\index.js:54:5
    sql: SELECT * FROM `user` WHERE `id` = NaN LIMIT 0, 1
code: "ER_BAD_FIELD_ERROR"
errno: 1054
sqlMessage: "Unknown column 'NaN' in 'where clause'"
sqlState: "42S22"
index: 0
sql: "SELECT * FROM `user` WHERE `id` = NaN LIMIT 0, 1"
name: "ER_BAD_FIELD_ERRORError"
pid: 11344
hostname: DESKTOP-0Q5T0JS

2019-08-20 19:48:21,588 ERROR 19292 [-/127.0.0.1/-/9ms GET /user/list?limit=5&pages=0] nodejs.ER_BAD_FIELD_ERRORError: ER_BAD_FIELD_ERROR: Unknown column 'NaN' in 'where clause'
    at Query.Sequence._packetToError (D:\high-node\exercise\project\serverEgg\node_modules\mysql\lib\protocol\sequences\Sequence.js:47:14)
    at Query.ErrorPacket (D:\high-node\exercise\project\serverEgg\node_modules\mysql\lib\protocol\sequences\Query.js:77:18)
    at Protocol._parsePacket (D:\high-node\exercise\project\serverEgg\node_modules\mysql\lib\protocol\Protocol.js:291:23)
    at Parser._parsePacket (D:\high-node\exercise\project\serverEgg\node_modules\mysql\lib\protocol\Parser.js:433:10)
    at Parser.write (D:\high-node\exercise\project\serverEgg\node_modules\mysql\lib\protocol\Parser.js:43:10)
    at Protocol.write (D:\high-node\exercise\project\serverEgg\node_modules\mysql\lib\protocol\Protocol.js:38:16)
    at Socket.<anonymous> (D:\high-node\exercise\project\serverEgg\node_modules\mysql\lib\Connection.js:91:28)
    at Socket.<anonymous> (D:\high-node\exercise\project\serverEgg\node_modules\mysql\lib\Connection.js:525:10)
    at Socket.emit (events.js:203:13)
    at addChunk (_stream_readable.js:294:12)
    --------------------
    at Pool.query (D:\high-node\exercise\project\serverEgg\node_modules\mysql\lib\Pool.js:199:23)
    at D:\high-node\exercise\project\serverEgg\node_modules\ali-rds\node_modules\pify\index.js:29:7
    at new Promise (<anonymous>)
    at Pool.<anonymous> (D:\high-node\exercise\project\serverEgg\node_modules\ali-rds\node_modules\pify\index.js:12:10)
    at Pool.ret [as query] (D:\high-node\exercise\project\serverEgg\node_modules\ali-rds\node_modules\pify\index.js:56:34)
    at RDSClient.proto._query (D:\high-node\exercise\project\serverEgg\node_modules\ali-rds\lib\client.js:34:20)
    at RDSClient.proto.query (D:\high-node\exercise\project\serverEgg\node_modules\ali-rds\lib\operator.js:54:29)
    at proto.query.next (<anonymous>)
    at onFulfilled (D:\high-node\exercise\project\serverEgg\node_modules\co\index.js:65:19)
    at D:\high-node\exercise\project\serverEgg\node_modules\co\index.js:54:5
    sql: SELECT * FROM `user` WHERE `id` = NaN LIMIT 0, 1
code: "ER_BAD_FIELD_ERROR"
errno: 1054
sqlMessage: "Unknown column 'NaN' in 'where clause'"
sqlState: "42S22"
index: 0
sql: "SELECT * FROM `user` WHERE `id` = NaN LIMIT 0, 1"
name: "ER_BAD_FIELD_ERRORError"
pid: 19292
hostname: DESKTOP-0Q5T0JS

2019-08-20 19:54:17,167 ERROR 16804 [-/127.0.0.1/-/8ms GET /user/list?limit=5&pages=0] nodejs.ER_BAD_FIELD_ERRORError: ER_BAD_FIELD_ERROR: Unknown column 'NaN' in 'where clause'
    at Query.Sequence._packetToError (D:\high-node\exercise\project\serverEgg\node_modules\mysql\lib\protocol\sequences\Sequence.js:47:14)
    at Query.ErrorPacket (D:\high-node\exercise\project\serverEgg\node_modules\mysql\lib\protocol\sequences\Query.js:77:18)
    at Protocol._parsePacket (D:\high-node\exercise\project\serverEgg\node_modules\mysql\lib\protocol\Protocol.js:291:23)
    at Parser._parsePacket (D:\high-node\exercise\project\serverEgg\node_modules\mysql\lib\protocol\Parser.js:433:10)
    at Parser.write (D:\high-node\exercise\project\serverEgg\node_modules\mysql\lib\protocol\Parser.js:43:10)
    at Protocol.write (D:\high-node\exercise\project\serverEgg\node_modules\mysql\lib\protocol\Protocol.js:38:16)
    at Socket.<anonymous> (D:\high-node\exercise\project\serverEgg\node_modules\mysql\lib\Connection.js:91:28)
    at Socket.<anonymous> (D:\high-node\exercise\project\serverEgg\node_modules\mysql\lib\Connection.js:525:10)
    at Socket.emit (events.js:203:13)
    at addChunk (_stream_readable.js:294:12)
    --------------------
    at Pool.query (D:\high-node\exercise\project\serverEgg\node_modules\mysql\lib\Pool.js:199:23)
    at D:\high-node\exercise\project\serverEgg\node_modules\ali-rds\node_modules\pify\index.js:29:7
    at new Promise (<anonymous>)
    at Pool.<anonymous> (D:\high-node\exercise\project\serverEgg\node_modules\ali-rds\node_modules\pify\index.js:12:10)
    at Pool.ret [as query] (D:\high-node\exercise\project\serverEgg\node_modules\ali-rds\node_modules\pify\index.js:56:34)
    at RDSClient.proto._query (D:\high-node\exercise\project\serverEgg\node_modules\ali-rds\lib\client.js:34:20)
    at RDSClient.proto.query (D:\high-node\exercise\project\serverEgg\node_modules\ali-rds\lib\operator.js:54:29)
    at proto.query.next (<anonymous>)
    at onFulfilled (D:\high-node\exercise\project\serverEgg\node_modules\co\index.js:65:19)
    at D:\high-node\exercise\project\serverEgg\node_modules\co\index.js:54:5
    sql: SELECT * FROM `user` WHERE `id` = NaN LIMIT 0, 1
code: "ER_BAD_FIELD_ERROR"
errno: 1054
sqlMessage: "Unknown column 'NaN' in 'where clause'"
sqlState: "42S22"
index: 0
sql: "SELECT * FROM `user` WHERE `id` = NaN LIMIT 0, 1"
name: "ER_BAD_FIELD_ERRORError"
pid: 16804
hostname: DESKTOP-0Q5T0JS

2019-08-20 19:54:47,075 ERROR 11484 [-/127.0.0.1/-/21ms GET /user/list?limit=5&pages=0] nodejs.ER_BAD_FIELD_ERRORError: ER_BAD_FIELD_ERROR: Unknown column 'NaN' in 'where clause'
    at Query.Sequence._packetToError (D:\high-node\exercise\project\serverEgg\node_modules\mysql\lib\protocol\sequences\Sequence.js:47:14)
    at Query.ErrorPacket (D:\high-node\exercise\project\serverEgg\node_modules\mysql\lib\protocol\sequences\Query.js:77:18)
    at Protocol._parsePacket (D:\high-node\exercise\project\serverEgg\node_modules\mysql\lib\protocol\Protocol.js:291:23)
    at Parser._parsePacket (D:\high-node\exercise\project\serverEgg\node_modules\mysql\lib\protocol\Parser.js:433:10)
    at Parser.write (D:\high-node\exercise\project\serverEgg\node_modules\mysql\lib\protocol\Parser.js:43:10)
    at Protocol.write (D:\high-node\exercise\project\serverEgg\node_modules\mysql\lib\protocol\Protocol.js:38:16)
    at Socket.<anonymous> (D:\high-node\exercise\project\serverEgg\node_modules\mysql\lib\Connection.js:91:28)
    at Socket.<anonymous> (D:\high-node\exercise\project\serverEgg\node_modules\mysql\lib\Connection.js:525:10)
    at Socket.emit (events.js:203:13)
    at addChunk (_stream_readable.js:294:12)
    --------------------
    at Pool.query (D:\high-node\exercise\project\serverEgg\node_modules\mysql\lib\Pool.js:199:23)
    at D:\high-node\exercise\project\serverEgg\node_modules\ali-rds\node_modules\pify\index.js:29:7
    at new Promise (<anonymous>)
    at Pool.<anonymous> (D:\high-node\exercise\project\serverEgg\node_modules\ali-rds\node_modules\pify\index.js:12:10)
    at Pool.ret [as query] (D:\high-node\exercise\project\serverEgg\node_modules\ali-rds\node_modules\pify\index.js:56:34)
    at RDSClient.proto._query (D:\high-node\exercise\project\serverEgg\node_modules\ali-rds\lib\client.js:34:20)
    at RDSClient.proto.query (D:\high-node\exercise\project\serverEgg\node_modules\ali-rds\lib\operator.js:54:29)
    at proto.query.next (<anonymous>)
    at onFulfilled (D:\high-node\exercise\project\serverEgg\node_modules\co\index.js:65:19)
    at D:\high-node\exercise\project\serverEgg\node_modules\co\index.js:54:5
    sql: SELECT * FROM `user` WHERE `id` = NaN LIMIT 0, 1
code: "ER_BAD_FIELD_ERROR"
errno: 1054
sqlMessage: "Unknown column 'NaN' in 'where clause'"
sqlState: "42S22"
index: 0
sql: "SELECT * FROM `user` WHERE `id` = NaN LIMIT 0, 1"
name: "ER_BAD_FIELD_ERRORError"
pid: 11484
hostname: DESKTOP-0Q5T0JS

2019-08-20 19:58:39,883 ERROR 11484 [-/127.0.0.1/-/21ms GET /user/list?limit=5&pages=0] nodejs.ER_BAD_FIELD_ERRORError: ER_BAD_FIELD_ERROR: Unknown column 'NaN' in 'where clause'
    at Query.Sequence._packetToError (D:\high-node\exercise\project\serverEgg\node_modules\mysql\lib\protocol\sequences\Sequence.js:47:14)
    at Query.ErrorPacket (D:\high-node\exercise\project\serverEgg\node_modules\mysql\lib\protocol\sequences\Query.js:77:18)
    at Protocol._parsePacket (D:\high-node\exercise\project\serverEgg\node_modules\mysql\lib\protocol\Protocol.js:291:23)
    at Parser._parsePacket (D:\high-node\exercise\project\serverEgg\node_modules\mysql\lib\protocol\Parser.js:433:10)
    at Parser.write (D:\high-node\exercise\project\serverEgg\node_modules\mysql\lib\protocol\Parser.js:43:10)
    at Protocol.write (D:\high-node\exercise\project\serverEgg\node_modules\mysql\lib\protocol\Protocol.js:38:16)
    at Socket.<anonymous> (D:\high-node\exercise\project\serverEgg\node_modules\mysql\lib\Connection.js:91:28)
    at Socket.<anonymous> (D:\high-node\exercise\project\serverEgg\node_modules\mysql\lib\Connection.js:525:10)
    at Socket.emit (events.js:203:13)
    at addChunk (_stream_readable.js:294:12)
    --------------------
    at Pool.query (D:\high-node\exercise\project\serverEgg\node_modules\mysql\lib\Pool.js:199:23)
    at D:\high-node\exercise\project\serverEgg\node_modules\ali-rds\node_modules\pify\index.js:29:7
    at new Promise (<anonymous>)
    at Pool.<anonymous> (D:\high-node\exercise\project\serverEgg\node_modules\ali-rds\node_modules\pify\index.js:12:10)
    at Pool.ret [as query] (D:\high-node\exercise\project\serverEgg\node_modules\ali-rds\node_modules\pify\index.js:56:34)
    at RDSClient.proto._query (D:\high-node\exercise\project\serverEgg\node_modules\ali-rds\lib\client.js:34:20)
    at RDSClient.proto.query (D:\high-node\exercise\project\serverEgg\node_modules\ali-rds\lib\operator.js:54:29)
    at proto.query.next (<anonymous>)
    at onFulfilled (D:\high-node\exercise\project\serverEgg\node_modules\co\index.js:65:19)
    at D:\high-node\exercise\project\serverEgg\node_modules\co\index.js:54:5
    sql: SELECT * FROM `user` WHERE `id` = NaN LIMIT 0, 1
code: "ER_BAD_FIELD_ERROR"
errno: 1054
sqlMessage: "Unknown column 'NaN' in 'where clause'"
sqlState: "42S22"
index: 0
sql: "SELECT * FROM `user` WHERE `id` = NaN LIMIT 0, 1"
name: "ER_BAD_FIELD_ERRORError"
pid: 11484
hostname: DESKTOP-0Q5T0JS

2019-08-20 19:59:16,092 ERROR 11484 [-/127.0.0.1/-/14ms GET /user/list?limit=5&pages=0] nodejs.ER_BAD_FIELD_ERRORError: ER_BAD_FIELD_ERROR: Unknown column 'NaN' in 'where clause'
    at Query.Sequence._packetToError (D:\high-node\exercise\project\serverEgg\node_modules\mysql\lib\protocol\sequences\Sequence.js:47:14)
    at Query.ErrorPacket (D:\high-node\exercise\project\serverEgg\node_modules\mysql\lib\protocol\sequences\Query.js:77:18)
    at Protocol._parsePacket (D:\high-node\exercise\project\serverEgg\node_modules\mysql\lib\protocol\Protocol.js:291:23)
    at Parser._parsePacket (D:\high-node\exercise\project\serverEgg\node_modules\mysql\lib\protocol\Parser.js:433:10)
    at Parser.write (D:\high-node\exercise\project\serverEgg\node_modules\mysql\lib\protocol\Parser.js:43:10)
    at Protocol.write (D:\high-node\exercise\project\serverEgg\node_modules\mysql\lib\protocol\Protocol.js:38:16)
    at Socket.<anonymous> (D:\high-node\exercise\project\serverEgg\node_modules\mysql\lib\Connection.js:91:28)
    at Socket.<anonymous> (D:\high-node\exercise\project\serverEgg\node_modules\mysql\lib\Connection.js:525:10)
    at Socket.emit (events.js:203:13)
    at addChunk (_stream_readable.js:294:12)
    --------------------
    at Pool.query (D:\high-node\exercise\project\serverEgg\node_modules\mysql\lib\Pool.js:199:23)
    at D:\high-node\exercise\project\serverEgg\node_modules\ali-rds\node_modules\pify\index.js:29:7
    at new Promise (<anonymous>)
    at Pool.<anonymous> (D:\high-node\exercise\project\serverEgg\node_modules\ali-rds\node_modules\pify\index.js:12:10)
    at Pool.ret [as query] (D:\high-node\exercise\project\serverEgg\node_modules\ali-rds\node_modules\pify\index.js:56:34)
    at RDSClient.proto._query (D:\high-node\exercise\project\serverEgg\node_modules\ali-rds\lib\client.js:34:20)
    at RDSClient.proto.query (D:\high-node\exercise\project\serverEgg\node_modules\ali-rds\lib\operator.js:54:29)
    at proto.query.next (<anonymous>)
    at onFulfilled (D:\high-node\exercise\project\serverEgg\node_modules\co\index.js:65:19)
    at D:\high-node\exercise\project\serverEgg\node_modules\co\index.js:54:5
    sql: SELECT * FROM `user` WHERE `id` = NaN LIMIT 0, 1
code: "ER_BAD_FIELD_ERROR"
errno: 1054
sqlMessage: "Unknown column 'NaN' in 'where clause'"
sqlState: "42S22"
index: 0
sql: "SELECT * FROM `user` WHERE `id` = NaN LIMIT 0, 1"
name: "ER_BAD_FIELD_ERRORError"
pid: 11484
hostname: DESKTOP-0Q5T0JS

2019-08-20 20:00:38,334 ERROR 11484 [-/127.0.0.1/-/21ms GET /user/list?limit=5&pages=0] nodejs.ER_BAD_FIELD_ERRORError: ER_BAD_FIELD_ERROR: Unknown column 'NaN' in 'where clause'
    at Query.Sequence._packetToError (D:\high-node\exercise\project\serverEgg\node_modules\mysql\lib\protocol\sequences\Sequence.js:47:14)
    at Query.ErrorPacket (D:\high-node\exercise\project\serverEgg\node_modules\mysql\lib\protocol\sequences\Query.js:77:18)
    at Protocol._parsePacket (D:\high-node\exercise\project\serverEgg\node_modules\mysql\lib\protocol\Protocol.js:291:23)
    at Parser._parsePacket (D:\high-node\exercise\project\serverEgg\node_modules\mysql\lib\protocol\Parser.js:433:10)
    at Parser.write (D:\high-node\exercise\project\serverEgg\node_modules\mysql\lib\protocol\Parser.js:43:10)
    at Protocol.write (D:\high-node\exercise\project\serverEgg\node_modules\mysql\lib\protocol\Protocol.js:38:16)
    at Socket.<anonymous> (D:\high-node\exercise\project\serverEgg\node_modules\mysql\lib\Connection.js:91:28)
    at Socket.<anonymous> (D:\high-node\exercise\project\serverEgg\node_modules\mysql\lib\Connection.js:525:10)
    at Socket.emit (events.js:203:13)
    at addChunk (_stream_readable.js:294:12)
    --------------------
    at Pool.query (D:\high-node\exercise\project\serverEgg\node_modules\mysql\lib\Pool.js:199:23)
    at D:\high-node\exercise\project\serverEgg\node_modules\ali-rds\node_modules\pify\index.js:29:7
    at new Promise (<anonymous>)
    at Pool.<anonymous> (D:\high-node\exercise\project\serverEgg\node_modules\ali-rds\node_modules\pify\index.js:12:10)
    at Pool.ret [as query] (D:\high-node\exercise\project\serverEgg\node_modules\ali-rds\node_modules\pify\index.js:56:34)
    at RDSClient.proto._query (D:\high-node\exercise\project\serverEgg\node_modules\ali-rds\lib\client.js:34:20)
    at RDSClient.proto.query (D:\high-node\exercise\project\serverEgg\node_modules\ali-rds\lib\operator.js:54:29)
    at proto.query.next (<anonymous>)
    at onFulfilled (D:\high-node\exercise\project\serverEgg\node_modules\co\index.js:65:19)
    at D:\high-node\exercise\project\serverEgg\node_modules\co\index.js:54:5
    sql: SELECT * FROM `user` WHERE `id` = NaN LIMIT 0, 1
code: "ER_BAD_FIELD_ERROR"
errno: 1054
sqlMessage: "Unknown column 'NaN' in 'where clause'"
sqlState: "42S22"
index: 0
sql: "SELECT * FROM `user` WHERE `id` = NaN LIMIT 0, 1"
name: "ER_BAD_FIELD_ERRORError"
pid: 11484
hostname: DESKTOP-0Q5T0JS

2019-08-20 20:00:40,056 ERROR 11484 [-/127.0.0.1/-/12ms GET /user/list?limit=5&pages=0] nodejs.ER_BAD_FIELD_ERRORError: ER_BAD_FIELD_ERROR: Unknown column 'NaN' in 'where clause'
    at Query.Sequence._packetToError (D:\high-node\exercise\project\serverEgg\node_modules\mysql\lib\protocol\sequences\Sequence.js:47:14)
    at Query.ErrorPacket (D:\high-node\exercise\project\serverEgg\node_modules\mysql\lib\protocol\sequences\Query.js:77:18)
    at Protocol._parsePacket (D:\high-node\exercise\project\serverEgg\node_modules\mysql\lib\protocol\Protocol.js:291:23)
    at Parser._parsePacket (D:\high-node\exercise\project\serverEgg\node_modules\mysql\lib\protocol\Parser.js:433:10)
    at Parser.write (D:\high-node\exercise\project\serverEgg\node_modules\mysql\lib\protocol\Parser.js:43:10)
    at Protocol.write (D:\high-node\exercise\project\serverEgg\node_modules\mysql\lib\protocol\Protocol.js:38:16)
    at Socket.<anonymous> (D:\high-node\exercise\project\serverEgg\node_modules\mysql\lib\Connection.js:91:28)
    at Socket.<anonymous> (D:\high-node\exercise\project\serverEgg\node_modules\mysql\lib\Connection.js:525:10)
    at Socket.emit (events.js:203:13)
    at addChunk (_stream_readable.js:294:12)
    --------------------
    at Pool.query (D:\high-node\exercise\project\serverEgg\node_modules\mysql\lib\Pool.js:199:23)
    at D:\high-node\exercise\project\serverEgg\node_modules\ali-rds\node_modules\pify\index.js:29:7
    at new Promise (<anonymous>)
    at Pool.<anonymous> (D:\high-node\exercise\project\serverEgg\node_modules\ali-rds\node_modules\pify\index.js:12:10)
    at Pool.ret [as query] (D:\high-node\exercise\project\serverEgg\node_modules\ali-rds\node_modules\pify\index.js:56:34)
    at RDSClient.proto._query (D:\high-node\exercise\project\serverEgg\node_modules\ali-rds\lib\client.js:34:20)
    at RDSClient.proto.query (D:\high-node\exercise\project\serverEgg\node_modules\ali-rds\lib\operator.js:54:29)
    at proto.query.next (<anonymous>)
    at onFulfilled (D:\high-node\exercise\project\serverEgg\node_modules\co\index.js:65:19)
    at D:\high-node\exercise\project\serverEgg\node_modules\co\index.js:54:5
    sql: SELECT * FROM `user` WHERE `id` = NaN LIMIT 0, 1
code: "ER_BAD_FIELD_ERROR"
errno: 1054
sqlMessage: "Unknown column 'NaN' in 'where clause'"
sqlState: "42S22"
index: 0
sql: "SELECT * FROM `user` WHERE `id` = NaN LIMIT 0, 1"
name: "ER_BAD_FIELD_ERRORError"
pid: 11484
hostname: DESKTOP-0Q5T0JS

2019-08-20 20:00:48,089 ERROR 11484 [-/127.0.0.1/-/61ms GET /user/list?limit=5&pages=0] nodejs.ER_BAD_FIELD_ERRORError: ER_BAD_FIELD_ERROR: Unknown column 'NaN' in 'where clause'
    at Query.Sequence._packetToError (D:\high-node\exercise\project\serverEgg\node_modules\mysql\lib\protocol\sequences\Sequence.js:47:14)
    at Query.ErrorPacket (D:\high-node\exercise\project\serverEgg\node_modules\mysql\lib\protocol\sequences\Query.js:77:18)
    at Protocol._parsePacket (D:\high-node\exercise\project\serverEgg\node_modules\mysql\lib\protocol\Protocol.js:291:23)
    at Parser._parsePacket (D:\high-node\exercise\project\serverEgg\node_modules\mysql\lib\protocol\Parser.js:433:10)
    at Parser.write (D:\high-node\exercise\project\serverEgg\node_modules\mysql\lib\protocol\Parser.js:43:10)
    at Protocol.write (D:\high-node\exercise\project\serverEgg\node_modules\mysql\lib\protocol\Protocol.js:38:16)
    at Socket.<anonymous> (D:\high-node\exercise\project\serverEgg\node_modules\mysql\lib\Connection.js:91:28)
    at Socket.<anonymous> (D:\high-node\exercise\project\serverEgg\node_modules\mysql\lib\Connection.js:525:10)
    at Socket.emit (events.js:203:13)
    at addChunk (_stream_readable.js:294:12)
    --------------------
    at Pool.query (D:\high-node\exercise\project\serverEgg\node_modules\mysql\lib\Pool.js:199:23)
    at D:\high-node\exercise\project\serverEgg\node_modules\ali-rds\node_modules\pify\index.js:29:7
    at new Promise (<anonymous>)
    at Pool.<anonymous> (D:\high-node\exercise\project\serverEgg\node_modules\ali-rds\node_modules\pify\index.js:12:10)
    at Pool.ret [as query] (D:\high-node\exercise\project\serverEgg\node_modules\ali-rds\node_modules\pify\index.js:56:34)
    at RDSClient.proto._query (D:\high-node\exercise\project\serverEgg\node_modules\ali-rds\lib\client.js:34:20)
    at RDSClient.proto.query (D:\high-node\exercise\project\serverEgg\node_modules\ali-rds\lib\operator.js:54:29)
    at proto.query.next (<anonymous>)
    at onFulfilled (D:\high-node\exercise\project\serverEgg\node_modules\co\index.js:65:19)
    at D:\high-node\exercise\project\serverEgg\node_modules\co\index.js:54:5
    sql: SELECT * FROM `user` WHERE `id` = NaN LIMIT 0, 1
code: "ER_BAD_FIELD_ERROR"
errno: 1054
sqlMessage: "Unknown column 'NaN' in 'where clause'"
sqlState: "42S22"
index: 0
sql: "SELECT * FROM `user` WHERE `id` = NaN LIMIT 0, 1"
name: "ER_BAD_FIELD_ERRORError"
pid: 11484
hostname: DESKTOP-0Q5T0JS

2019-08-20 20:01:07,701 ERROR 11484 [-/127.0.0.1/-/35ms GET /user/list?limit=5&pages=0] nodejs.ER_BAD_FIELD_ERRORError: ER_BAD_FIELD_ERROR: Unknown column 'NaN' in 'where clause'
    at Query.Sequence._packetToError (D:\high-node\exercise\project\serverEgg\node_modules\mysql\lib\protocol\sequences\Sequence.js:47:14)
    at Query.ErrorPacket (D:\high-node\exercise\project\serverEgg\node_modules\mysql\lib\protocol\sequences\Query.js:77:18)
    at Protocol._parsePacket (D:\high-node\exercise\project\serverEgg\node_modules\mysql\lib\protocol\Protocol.js:291:23)
    at Parser._parsePacket (D:\high-node\exercise\project\serverEgg\node_modules\mysql\lib\protocol\Parser.js:433:10)
    at Parser.write (D:\high-node\exercise\project\serverEgg\node_modules\mysql\lib\protocol\Parser.js:43:10)
    at Protocol.write (D:\high-node\exercise\project\serverEgg\node_modules\mysql\lib\protocol\Protocol.js:38:16)
    at Socket.<anonymous> (D:\high-node\exercise\project\serverEgg\node_modules\mysql\lib\Connection.js:91:28)
    at Socket.<anonymous> (D:\high-node\exercise\project\serverEgg\node_modules\mysql\lib\Connection.js:525:10)
    at Socket.emit (events.js:203:13)
    at addChunk (_stream_readable.js:294:12)
    --------------------
    at Pool.query (D:\high-node\exercise\project\serverEgg\node_modules\mysql\lib\Pool.js:199:23)
    at D:\high-node\exercise\project\serverEgg\node_modules\ali-rds\node_modules\pify\index.js:29:7
    at new Promise (<anonymous>)
    at Pool.<anonymous> (D:\high-node\exercise\project\serverEgg\node_modules\ali-rds\node_modules\pify\index.js:12:10)
    at Pool.ret [as query] (D:\high-node\exercise\project\serverEgg\node_modules\ali-rds\node_modules\pify\index.js:56:34)
    at RDSClient.proto._query (D:\high-node\exercise\project\serverEgg\node_modules\ali-rds\lib\client.js:34:20)
    at RDSClient.proto.query (D:\high-node\exercise\project\serverEgg\node_modules\ali-rds\lib\operator.js:54:29)
    at proto.query.next (<anonymous>)
    at onFulfilled (D:\high-node\exercise\project\serverEgg\node_modules\co\index.js:65:19)
    at D:\high-node\exercise\project\serverEgg\node_modules\co\index.js:54:5
    sql: SELECT * FROM `user` WHERE `id` = NaN LIMIT 0, 1
code: "ER_BAD_FIELD_ERROR"
errno: 1054
sqlMessage: "Unknown column 'NaN' in 'where clause'"
sqlState: "42S22"
index: 0
sql: "SELECT * FROM `user` WHERE `id` = NaN LIMIT 0, 1"
name: "ER_BAD_FIELD_ERRORError"
pid: 11484
hostname: DESKTOP-0Q5T0JS

2019-08-20 20:01:17,574 ERROR 11484 [-/127.0.0.1/-/27ms GET /user/list?limit=5&pages=0] nodejs.ER_BAD_FIELD_ERRORError: ER_BAD_FIELD_ERROR: Unknown column 'NaN' in 'where clause'
    at Query.Sequence._packetToError (D:\high-node\exercise\project\serverEgg\node_modules\mysql\lib\protocol\sequences\Sequence.js:47:14)
    at Query.ErrorPacket (D:\high-node\exercise\project\serverEgg\node_modules\mysql\lib\protocol\sequences\Query.js:77:18)
    at Protocol._parsePacket (D:\high-node\exercise\project\serverEgg\node_modules\mysql\lib\protocol\Protocol.js:291:23)
    at Parser._parsePacket (D:\high-node\exercise\project\serverEgg\node_modules\mysql\lib\protocol\Parser.js:433:10)
    at Parser.write (D:\high-node\exercise\project\serverEgg\node_modules\mysql\lib\protocol\Parser.js:43:10)
    at Protocol.write (D:\high-node\exercise\project\serverEgg\node_modules\mysql\lib\protocol\Protocol.js:38:16)
    at Socket.<anonymous> (D:\high-node\exercise\project\serverEgg\node_modules\mysql\lib\Connection.js:91:28)
    at Socket.<anonymous> (D:\high-node\exercise\project\serverEgg\node_modules\mysql\lib\Connection.js:525:10)
    at Socket.emit (events.js:203:13)
    at addChunk (_stream_readable.js:294:12)
    --------------------
    at Pool.query (D:\high-node\exercise\project\serverEgg\node_modules\mysql\lib\Pool.js:199:23)
    at D:\high-node\exercise\project\serverEgg\node_modules\ali-rds\node_modules\pify\index.js:29:7
    at new Promise (<anonymous>)
    at Pool.<anonymous> (D:\high-node\exercise\project\serverEgg\node_modules\ali-rds\node_modules\pify\index.js:12:10)
    at Pool.ret [as query] (D:\high-node\exercise\project\serverEgg\node_modules\ali-rds\node_modules\pify\index.js:56:34)
    at RDSClient.proto._query (D:\high-node\exercise\project\serverEgg\node_modules\ali-rds\lib\client.js:34:20)
    at RDSClient.proto.query (D:\high-node\exercise\project\serverEgg\node_modules\ali-rds\lib\operator.js:54:29)
    at proto.query.next (<anonymous>)
    at onFulfilled (D:\high-node\exercise\project\serverEgg\node_modules\co\index.js:65:19)
    at D:\high-node\exercise\project\serverEgg\node_modules\co\index.js:54:5
    sql: SELECT * FROM `user` WHERE `id` = NaN LIMIT 0, 1
code: "ER_BAD_FIELD_ERROR"
errno: 1054
sqlMessage: "Unknown column 'NaN' in 'where clause'"
sqlState: "42S22"
index: 0
sql: "SELECT * FROM `user` WHERE `id` = NaN LIMIT 0, 1"
name: "ER_BAD_FIELD_ERRORError"
pid: 11484
hostname: DESKTOP-0Q5T0JS

2019-08-20 20:01:33,964 ERROR 11484 [-/127.0.0.1/-/68ms GET /user/list?limit=5&pages=0] nodejs.ER_BAD_FIELD_ERRORError: ER_BAD_FIELD_ERROR: Unknown column 'NaN' in 'where clause'
    at Query.Sequence._packetToError (D:\high-node\exercise\project\serverEgg\node_modules\mysql\lib\protocol\sequences\Sequence.js:47:14)
    at Query.ErrorPacket (D:\high-node\exercise\project\serverEgg\node_modules\mysql\lib\protocol\sequences\Query.js:77:18)
    at Protocol._parsePacket (D:\high-node\exercise\project\serverEgg\node_modules\mysql\lib\protocol\Protocol.js:291:23)
    at Parser._parsePacket (D:\high-node\exercise\project\serverEgg\node_modules\mysql\lib\protocol\Parser.js:433:10)
    at Parser.write (D:\high-node\exercise\project\serverEgg\node_modules\mysql\lib\protocol\Parser.js:43:10)
    at Protocol.write (D:\high-node\exercise\project\serverEgg\node_modules\mysql\lib\protocol\Protocol.js:38:16)
    at Socket.<anonymous> (D:\high-node\exercise\project\serverEgg\node_modules\mysql\lib\Connection.js:91:28)
    at Socket.<anonymous> (D:\high-node\exercise\project\serverEgg\node_modules\mysql\lib\Connection.js:525:10)
    at Socket.emit (events.js:203:13)
    at addChunk (_stream_readable.js:294:12)
    --------------------
    at Pool.query (D:\high-node\exercise\project\serverEgg\node_modules\mysql\lib\Pool.js:199:23)
    at D:\high-node\exercise\project\serverEgg\node_modules\ali-rds\node_modules\pify\index.js:29:7
    at new Promise (<anonymous>)
    at Pool.<anonymous> (D:\high-node\exercise\project\serverEgg\node_modules\ali-rds\node_modules\pify\index.js:12:10)
    at Pool.ret [as query] (D:\high-node\exercise\project\serverEgg\node_modules\ali-rds\node_modules\pify\index.js:56:34)
    at RDSClient.proto._query (D:\high-node\exercise\project\serverEgg\node_modules\ali-rds\lib\client.js:34:20)
    at RDSClient.proto.query (D:\high-node\exercise\project\serverEgg\node_modules\ali-rds\lib\operator.js:54:29)
    at proto.query.next (<anonymous>)
    at onFulfilled (D:\high-node\exercise\project\serverEgg\node_modules\co\index.js:65:19)
    at D:\high-node\exercise\project\serverEgg\node_modules\co\index.js:54:5
    sql: SELECT * FROM `user` WHERE `id` = NaN LIMIT 0, 1
code: "ER_BAD_FIELD_ERROR"
errno: 1054
sqlMessage: "Unknown column 'NaN' in 'where clause'"
sqlState: "42S22"
index: 0
sql: "SELECT * FROM `user` WHERE `id` = NaN LIMIT 0, 1"
name: "ER_BAD_FIELD_ERRORError"
pid: 11484
hostname: DESKTOP-0Q5T0JS

2019-08-20 20:01:57,017 ERROR 11484 [-/127.0.0.1/-/15ms GET /user/list?limit=5&pages=0] nodejs.ER_BAD_FIELD_ERRORError: ER_BAD_FIELD_ERROR: Unknown column 'NaN' in 'where clause'
    at Query.Sequence._packetToError (D:\high-node\exercise\project\serverEgg\node_modules\mysql\lib\protocol\sequences\Sequence.js:47:14)
    at Query.ErrorPacket (D:\high-node\exercise\project\serverEgg\node_modules\mysql\lib\protocol\sequences\Query.js:77:18)
    at Protocol._parsePacket (D:\high-node\exercise\project\serverEgg\node_modules\mysql\lib\protocol\Protocol.js:291:23)
    at Parser._parsePacket (D:\high-node\exercise\project\serverEgg\node_modules\mysql\lib\protocol\Parser.js:433:10)
    at Parser.write (D:\high-node\exercise\project\serverEgg\node_modules\mysql\lib\protocol\Parser.js:43:10)
    at Protocol.write (D:\high-node\exercise\project\serverEgg\node_modules\mysql\lib\protocol\Protocol.js:38:16)
    at Socket.<anonymous> (D:\high-node\exercise\project\serverEgg\node_modules\mysql\lib\Connection.js:91:28)
    at Socket.<anonymous> (D:\high-node\exercise\project\serverEgg\node_modules\mysql\lib\Connection.js:525:10)
    at Socket.emit (events.js:203:13)
    at addChunk (_stream_readable.js:294:12)
    --------------------
    at Pool.query (D:\high-node\exercise\project\serverEgg\node_modules\mysql\lib\Pool.js:199:23)
    at D:\high-node\exercise\project\serverEgg\node_modules\ali-rds\node_modules\pify\index.js:29:7
    at new Promise (<anonymous>)
    at Pool.<anonymous> (D:\high-node\exercise\project\serverEgg\node_modules\ali-rds\node_modules\pify\index.js:12:10)
    at Pool.ret [as query] (D:\high-node\exercise\project\serverEgg\node_modules\ali-rds\node_modules\pify\index.js:56:34)
    at RDSClient.proto._query (D:\high-node\exercise\project\serverEgg\node_modules\ali-rds\lib\client.js:34:20)
    at RDSClient.proto.query (D:\high-node\exercise\project\serverEgg\node_modules\ali-rds\lib\operator.js:54:29)
    at proto.query.next (<anonymous>)
    at onFulfilled (D:\high-node\exercise\project\serverEgg\node_modules\co\index.js:65:19)
    at D:\high-node\exercise\project\serverEgg\node_modules\co\index.js:54:5
    sql: SELECT * FROM `user` WHERE `id` = NaN LIMIT 0, 1
code: "ER_BAD_FIELD_ERROR"
errno: 1054
sqlMessage: "Unknown column 'NaN' in 'where clause'"
sqlState: "42S22"
index: 0
sql: "SELECT * FROM `user` WHERE `id` = NaN LIMIT 0, 1"
name: "ER_BAD_FIELD_ERRORError"
pid: 11484
hostname: DESKTOP-0Q5T0JS

2019-08-20 20:02:24,255 ERROR 11484 [-/127.0.0.1/-/23ms GET /user/list?limit=5&pages=0] nodejs.ER_BAD_FIELD_ERRORError: ER_BAD_FIELD_ERROR: Unknown column 'NaN' in 'where clause'
    at Query.Sequence._packetToError (D:\high-node\exercise\project\serverEgg\node_modules\mysql\lib\protocol\sequences\Sequence.js:47:14)
    at Query.ErrorPacket (D:\high-node\exercise\project\serverEgg\node_modules\mysql\lib\protocol\sequences\Query.js:77:18)
    at Protocol._parsePacket (D:\high-node\exercise\project\serverEgg\node_modules\mysql\lib\protocol\Protocol.js:291:23)
    at Parser._parsePacket (D:\high-node\exercise\project\serverEgg\node_modules\mysql\lib\protocol\Parser.js:433:10)
    at Parser.write (D:\high-node\exercise\project\serverEgg\node_modules\mysql\lib\protocol\Parser.js:43:10)
    at Protocol.write (D:\high-node\exercise\project\serverEgg\node_modules\mysql\lib\protocol\Protocol.js:38:16)
    at Socket.<anonymous> (D:\high-node\exercise\project\serverEgg\node_modules\mysql\lib\Connection.js:91:28)
    at Socket.<anonymous> (D:\high-node\exercise\project\serverEgg\node_modules\mysql\lib\Connection.js:525:10)
    at Socket.emit (events.js:203:13)
    at addChunk (_stream_readable.js:294:12)
    --------------------
    at Pool.query (D:\high-node\exercise\project\serverEgg\node_modules\mysql\lib\Pool.js:199:23)
    at D:\high-node\exercise\project\serverEgg\node_modules\ali-rds\node_modules\pify\index.js:29:7
    at new Promise (<anonymous>)
    at Pool.<anonymous> (D:\high-node\exercise\project\serverEgg\node_modules\ali-rds\node_modules\pify\index.js:12:10)
    at Pool.ret [as query] (D:\high-node\exercise\project\serverEgg\node_modules\ali-rds\node_modules\pify\index.js:56:34)
    at RDSClient.proto._query (D:\high-node\exercise\project\serverEgg\node_modules\ali-rds\lib\client.js:34:20)
    at RDSClient.proto.query (D:\high-node\exercise\project\serverEgg\node_modules\ali-rds\lib\operator.js:54:29)
    at proto.query.next (<anonymous>)
    at onFulfilled (D:\high-node\exercise\project\serverEgg\node_modules\co\index.js:65:19)
    at D:\high-node\exercise\project\serverEgg\node_modules\co\index.js:54:5
    sql: SELECT * FROM `user` WHERE `id` = NaN LIMIT 0, 1
code: "ER_BAD_FIELD_ERROR"
errno: 1054
sqlMessage: "Unknown column 'NaN' in 'where clause'"
sqlState: "42S22"
index: 0
sql: "SELECT * FROM `user` WHERE `id` = NaN LIMIT 0, 1"
name: "ER_BAD_FIELD_ERRORError"
pid: 11484
hostname: DESKTOP-0Q5T0JS

2019-08-20 20:04:01,976 ERROR 8304 [-/127.0.0.1/-/23ms GET /user/list?limit=5&pages=0] nodejs.ER_BAD_FIELD_ERRORError: ER_BAD_FIELD_ERROR: Unknown column 'NaN' in 'where clause'
    at Query.Sequence._packetToError (D:\high-node\exercise\project\serverEgg\node_modules\mysql\lib\protocol\sequences\Sequence.js:47:14)
    at Query.ErrorPacket (D:\high-node\exercise\project\serverEgg\node_modules\mysql\lib\protocol\sequences\Query.js:77:18)
    at Protocol._parsePacket (D:\high-node\exercise\project\serverEgg\node_modules\mysql\lib\protocol\Protocol.js:291:23)
    at Parser._parsePacket (D:\high-node\exercise\project\serverEgg\node_modules\mysql\lib\protocol\Parser.js:433:10)
    at Parser.write (D:\high-node\exercise\project\serverEgg\node_modules\mysql\lib\protocol\Parser.js:43:10)
    at Protocol.write (D:\high-node\exercise\project\serverEgg\node_modules\mysql\lib\protocol\Protocol.js:38:16)
    at Socket.<anonymous> (D:\high-node\exercise\project\serverEgg\node_modules\mysql\lib\Connection.js:91:28)
    at Socket.<anonymous> (D:\high-node\exercise\project\serverEgg\node_modules\mysql\lib\Connection.js:525:10)
    at Socket.emit (events.js:203:13)
    at addChunk (_stream_readable.js:294:12)
    --------------------
    at Pool.query (D:\high-node\exercise\project\serverEgg\node_modules\mysql\lib\Pool.js:199:23)
    at D:\high-node\exercise\project\serverEgg\node_modules\ali-rds\node_modules\pify\index.js:29:7
    at new Promise (<anonymous>)
    at Pool.<anonymous> (D:\high-node\exercise\project\serverEgg\node_modules\ali-rds\node_modules\pify\index.js:12:10)
    at Pool.ret [as query] (D:\high-node\exercise\project\serverEgg\node_modules\ali-rds\node_modules\pify\index.js:56:34)
    at RDSClient.proto._query (D:\high-node\exercise\project\serverEgg\node_modules\ali-rds\lib\client.js:34:20)
    at RDSClient.proto.query (D:\high-node\exercise\project\serverEgg\node_modules\ali-rds\lib\operator.js:54:29)
    at proto.query.next (<anonymous>)
    at onFulfilled (D:\high-node\exercise\project\serverEgg\node_modules\co\index.js:65:19)
    at D:\high-node\exercise\project\serverEgg\node_modules\co\index.js:54:5
    sql: SELECT * FROM `user` WHERE `id` = NaN LIMIT 0, 1
code: "ER_BAD_FIELD_ERROR"
errno: 1054
sqlMessage: "Unknown column 'NaN' in 'where clause'"
sqlState: "42S22"
index: 0
sql: "SELECT * FROM `user` WHERE `id` = NaN LIMIT 0, 1"
name: "ER_BAD_FIELD_ERRORError"
pid: 8304
hostname: DESKTOP-0Q5T0JS

2019-08-20 20:04:42,639 ERROR 16496 [-/127.0.0.1/-/9ms GET /user/list?limit=5&pages=0] nodejs.ER_BAD_FIELD_ERRORError: ER_BAD_FIELD_ERROR: Unknown column 'NaN' in 'where clause'
    at Query.Sequence._packetToError (D:\high-node\exercise\project\serverEgg\node_modules\mysql\lib\protocol\sequences\Sequence.js:47:14)
    at Query.ErrorPacket (D:\high-node\exercise\project\serverEgg\node_modules\mysql\lib\protocol\sequences\Query.js:77:18)
    at Protocol._parsePacket (D:\high-node\exercise\project\serverEgg\node_modules\mysql\lib\protocol\Protocol.js:291:23)
    at Parser._parsePacket (D:\high-node\exercise\project\serverEgg\node_modules\mysql\lib\protocol\Parser.js:433:10)
    at Parser.write (D:\high-node\exercise\project\serverEgg\node_modules\mysql\lib\protocol\Parser.js:43:10)
    at Protocol.write (D:\high-node\exercise\project\serverEgg\node_modules\mysql\lib\protocol\Protocol.js:38:16)
    at Socket.<anonymous> (D:\high-node\exercise\project\serverEgg\node_modules\mysql\lib\Connection.js:91:28)
    at Socket.<anonymous> (D:\high-node\exercise\project\serverEgg\node_modules\mysql\lib\Connection.js:525:10)
    at Socket.emit (events.js:203:13)
    at addChunk (_stream_readable.js:294:12)
    --------------------
    at Pool.query (D:\high-node\exercise\project\serverEgg\node_modules\mysql\lib\Pool.js:199:23)
    at D:\high-node\exercise\project\serverEgg\node_modules\ali-rds\node_modules\pify\index.js:29:7
    at new Promise (<anonymous>)
    at Pool.<anonymous> (D:\high-node\exercise\project\serverEgg\node_modules\ali-rds\node_modules\pify\index.js:12:10)
    at Pool.ret [as query] (D:\high-node\exercise\project\serverEgg\node_modules\ali-rds\node_modules\pify\index.js:56:34)
    at RDSClient.proto._query (D:\high-node\exercise\project\serverEgg\node_modules\ali-rds\lib\client.js:34:20)
    at RDSClient.proto.query (D:\high-node\exercise\project\serverEgg\node_modules\ali-rds\lib\operator.js:54:29)
    at proto.query.next (<anonymous>)
    at onFulfilled (D:\high-node\exercise\project\serverEgg\node_modules\co\index.js:65:19)
    at D:\high-node\exercise\project\serverEgg\node_modules\co\index.js:54:5
    sql: SELECT * FROM `user` WHERE `id` = NaN LIMIT 0, 1
code: "ER_BAD_FIELD_ERROR"
errno: 1054
sqlMessage: "Unknown column 'NaN' in 'where clause'"
sqlState: "42S22"
index: 0
sql: "SELECT * FROM `user` WHERE `id` = NaN LIMIT 0, 1"
name: "ER_BAD_FIELD_ERRORError"
pid: 16496
hostname: DESKTOP-0Q5T0JS

2019-08-20 20:04:57,404 ERROR 10444 [-/127.0.0.1/-/12ms GET /user/list?limit=5&pages=0] nodejs.ER_BAD_FIELD_ERRORError: ER_BAD_FIELD_ERROR: Unknown column 'NaN' in 'where clause'
    at Query.Sequence._packetToError (D:\high-node\exercise\project\serverEgg\node_modules\mysql\lib\protocol\sequences\Sequence.js:47:14)
    at Query.ErrorPacket (D:\high-node\exercise\project\serverEgg\node_modules\mysql\lib\protocol\sequences\Query.js:77:18)
    at Protocol._parsePacket (D:\high-node\exercise\project\serverEgg\node_modules\mysql\lib\protocol\Protocol.js:291:23)
    at Parser._parsePacket (D:\high-node\exercise\project\serverEgg\node_modules\mysql\lib\protocol\Parser.js:433:10)
    at Parser.write (D:\high-node\exercise\project\serverEgg\node_modules\mysql\lib\protocol\Parser.js:43:10)
    at Protocol.write (D:\high-node\exercise\project\serverEgg\node_modules\mysql\lib\protocol\Protocol.js:38:16)
    at Socket.<anonymous> (D:\high-node\exercise\project\serverEgg\node_modules\mysql\lib\Connection.js:91:28)
    at Socket.<anonymous> (D:\high-node\exercise\project\serverEgg\node_modules\mysql\lib\Connection.js:525:10)
    at Socket.emit (events.js:203:13)
    at addChunk (_stream_readable.js:294:12)
    --------------------
    at Pool.query (D:\high-node\exercise\project\serverEgg\node_modules\mysql\lib\Pool.js:199:23)
    at D:\high-node\exercise\project\serverEgg\node_modules\ali-rds\node_modules\pify\index.js:29:7
    at new Promise (<anonymous>)
    at Pool.<anonymous> (D:\high-node\exercise\project\serverEgg\node_modules\ali-rds\node_modules\pify\index.js:12:10)
    at Pool.ret [as query] (D:\high-node\exercise\project\serverEgg\node_modules\ali-rds\node_modules\pify\index.js:56:34)
    at RDSClient.proto._query (D:\high-node\exercise\project\serverEgg\node_modules\ali-rds\lib\client.js:34:20)
    at RDSClient.proto.query (D:\high-node\exercise\project\serverEgg\node_modules\ali-rds\lib\operator.js:54:29)
    at proto.query.next (<anonymous>)
    at onFulfilled (D:\high-node\exercise\project\serverEgg\node_modules\co\index.js:65:19)
    at D:\high-node\exercise\project\serverEgg\node_modules\co\index.js:54:5
    sql: SELECT * FROM `user` WHERE `id` = NaN LIMIT 0, 1
code: "ER_BAD_FIELD_ERROR"
errno: 1054
sqlMessage: "Unknown column 'NaN' in 'where clause'"
sqlState: "42S22"
index: 0
sql: "SELECT * FROM `user` WHERE `id` = NaN LIMIT 0, 1"
name: "ER_BAD_FIELD_ERRORError"
pid: 10444
hostname: DESKTOP-0Q5T0JS

2019-08-20 20:06:16,675 ERROR 692 [-/127.0.0.1/-/10ms GET /user/list?limit=5&pages=0] nodejs.ER_BAD_FIELD_ERRORError: ER_BAD_FIELD_ERROR: Unknown column 'NaN' in 'where clause'
    at Query.Sequence._packetToError (D:\high-node\exercise\project\serverEgg\node_modules\mysql\lib\protocol\sequences\Sequence.js:47:14)
    at Query.ErrorPacket (D:\high-node\exercise\project\serverEgg\node_modules\mysql\lib\protocol\sequences\Query.js:77:18)
    at Protocol._parsePacket (D:\high-node\exercise\project\serverEgg\node_modules\mysql\lib\protocol\Protocol.js:291:23)
    at Parser._parsePacket (D:\high-node\exercise\project\serverEgg\node_modules\mysql\lib\protocol\Parser.js:433:10)
    at Parser.write (D:\high-node\exercise\project\serverEgg\node_modules\mysql\lib\protocol\Parser.js:43:10)
    at Protocol.write (D:\high-node\exercise\project\serverEgg\node_modules\mysql\lib\protocol\Protocol.js:38:16)
    at Socket.<anonymous> (D:\high-node\exercise\project\serverEgg\node_modules\mysql\lib\Connection.js:91:28)
    at Socket.<anonymous> (D:\high-node\exercise\project\serverEgg\node_modules\mysql\lib\Connection.js:525:10)
    at Socket.emit (events.js:203:13)
    at addChunk (_stream_readable.js:294:12)
    --------------------
    at Pool.query (D:\high-node\exercise\project\serverEgg\node_modules\mysql\lib\Pool.js:199:23)
    at D:\high-node\exercise\project\serverEgg\node_modules\ali-rds\node_modules\pify\index.js:29:7
    at new Promise (<anonymous>)
    at Pool.<anonymous> (D:\high-node\exercise\project\serverEgg\node_modules\ali-rds\node_modules\pify\index.js:12:10)
    at Pool.ret [as query] (D:\high-node\exercise\project\serverEgg\node_modules\ali-rds\node_modules\pify\index.js:56:34)
    at RDSClient.proto._query (D:\high-node\exercise\project\serverEgg\node_modules\ali-rds\lib\client.js:34:20)
    at RDSClient.proto.query (D:\high-node\exercise\project\serverEgg\node_modules\ali-rds\lib\operator.js:54:29)
    at proto.query.next (<anonymous>)
    at onFulfilled (D:\high-node\exercise\project\serverEgg\node_modules\co\index.js:65:19)
    at D:\high-node\exercise\project\serverEgg\node_modules\co\index.js:54:5
    sql: SELECT * FROM `user` WHERE `id` = NaN LIMIT 0, 1
code: "ER_BAD_FIELD_ERROR"
errno: 1054
sqlMessage: "Unknown column 'NaN' in 'where clause'"
sqlState: "42S22"
index: 0
sql: "SELECT * FROM `user` WHERE `id` = NaN LIMIT 0, 1"
name: "ER_BAD_FIELD_ERRORError"
pid: 692
hostname: DESKTOP-0Q5T0JS

2019-08-20 20:12:49,231 ERROR 19184 [-/127.0.0.1/-/7ms GET /user/list?limit=5&pages=0] nodejs.TypeError: Cannot read property 'token' of null
    at intercept (D:\high-node\exercise\project\serverEgg\app\middleware\intercept.js:19:20)
    at processTicksAndRejections (internal/process/task_queues.js:85:5)
    at async D:\high-node\exercise\project\serverEgg\node_modules\egg-development\app\middleware\egg_loader_trace.js:9:50
    at async xframe (D:\high-node\exercise\project\serverEgg\node_modules\egg-security\lib\middlewares\xframe.js:7:5)
    at async xssProtection (D:\high-node\exercise\project\serverEgg\node_modules\egg-security\lib\middlewares\xssProtection.js:7:5)
    at async nosniff (D:\high-node\exercise\project\serverEgg\node_modules\egg-security\lib\middlewares\nosniff.js:8:5)
    at async noopen (D:\high-node\exercise\project\serverEgg\node_modules\egg-security\lib\middlewares\noopen.js:8:5)
    at async session (D:\high-node\exercise\project\serverEgg\node_modules\koa-session\index.js:41:7)
    at async bodyParser (D:\high-node\exercise\project\serverEgg\node_modules\koa-bodyparser\index.js:86:5)
    at async D:\high-node\exercise\project\serverEgg\node_modules\koa-static-cache\index.js:53:56

pid: 19184
hostname: DESKTOP-0Q5T0JS

2019-08-20 20:13:55,425 ERROR 5692 [-/127.0.0.1/-/7ms GET /user/list?limit=5&pages=0] nodejs.TypeError: Cannot read property 'token' of null
    at intercept (D:\high-node\exercise\project\serverEgg\app\middleware\intercept.js:20:20)
    at processTicksAndRejections (internal/process/task_queues.js:85:5)
    at async D:\high-node\exercise\project\serverEgg\node_modules\egg-development\app\middleware\egg_loader_trace.js:9:50
    at async xframe (D:\high-node\exercise\project\serverEgg\node_modules\egg-security\lib\middlewares\xframe.js:7:5)
    at async xssProtection (D:\high-node\exercise\project\serverEgg\node_modules\egg-security\lib\middlewares\xssProtection.js:7:5)
    at async nosniff (D:\high-node\exercise\project\serverEgg\node_modules\egg-security\lib\middlewares\nosniff.js:8:5)
    at async noopen (D:\high-node\exercise\project\serverEgg\node_modules\egg-security\lib\middlewares\noopen.js:8:5)
    at async session (D:\high-node\exercise\project\serverEgg\node_modules\koa-session\index.js:41:7)
    at async bodyParser (D:\high-node\exercise\project\serverEgg\node_modules\koa-bodyparser\index.js:86:5)
    at async D:\high-node\exercise\project\serverEgg\node_modules\koa-static-cache\index.js:53:56

pid: 5692
hostname: DESKTOP-0Q5T0JS

2019-08-20 20:14:18,824 ERROR 18840 [-/127.0.0.1/-/11ms GET /user/list?limit=5&pages=0] nodejs.TypeError: Cannot read property 'token' of null
    at intercept (D:\high-node\exercise\project\serverEgg\app\middleware\intercept.js:21:20)
    at processTicksAndRejections (internal/process/task_queues.js:85:5)
    at async D:\high-node\exercise\project\serverEgg\node_modules\egg-development\app\middleware\egg_loader_trace.js:9:50
    at async xframe (D:\high-node\exercise\project\serverEgg\node_modules\egg-security\lib\middlewares\xframe.js:7:5)
    at async xssProtection (D:\high-node\exercise\project\serverEgg\node_modules\egg-security\lib\middlewares\xssProtection.js:7:5)
    at async nosniff (D:\high-node\exercise\project\serverEgg\node_modules\egg-security\lib\middlewares\nosniff.js:8:5)
    at async noopen (D:\high-node\exercise\project\serverEgg\node_modules\egg-security\lib\middlewares\noopen.js:8:5)
    at async session (D:\high-node\exercise\project\serverEgg\node_modules\koa-session\index.js:41:7)
    at async bodyParser (D:\high-node\exercise\project\serverEgg\node_modules\koa-bodyparser\index.js:86:5)
    at async D:\high-node\exercise\project\serverEgg\node_modules\koa-static-cache\index.js:53:56

pid: 18840
hostname: DESKTOP-0Q5T0JS

2019-08-20 22:19:20,441 ERROR 10100 nodejs.ClusterClientNoResponseError: client no response in 2019560ms exceeding maxIdleTime 60000ms, maybe the connection is close on other side.
    at Timeout._onTimeout (D:\high-node\exercise\project\serverEgg\node_modules\cluster-client\lib\leader.js:77:23)
    at listOnTimeout (internal/timers.js:531:17)
    at processTimers (internal/timers.js:475:7)
name: "ClusterClientNoResponseError"
pid: 10100
hostname: DESKTOP-0Q5T0JS

