2019-08-15 18:37:54,355 ERROR 17200 [-/127.0.0.1/-/15ms GET /] nodejs.Error: Please set config.keys first
    at Application.get keys [as keys] (D:\high-node\exercise\chatRoomEgg\node_modules\egg\lib\application.js:266:15)
    at Object.get cookies [as cookies] (D:\high-node\exercise\chatRoomEgg\node_modules\egg\app\extend\context.js:22:66)
    at Object.get [egg-security#CSRF_SECRET] (D:\high-node\exercise\chatRoomEgg\node_modules\egg-security\app\extend\context.js:87:33)
    at Object.ensureCsrfSecret (D:\high-node\exercise\chatRoomEgg\node_modules\egg-security\app\extend\context.js:98:13)
    at csrf (D:\high-node\exercise\chatRoomEgg\node_modules\egg-security\lib\middlewares\csrf.js:15:11)
    at dispatch (D:\high-node\exercise\chatRoomEgg\node_modules\koa-compose\index.js:42:32)
    at D:\high-node\exercise\chatRoomEgg\node_modules\koa-compose\index.js:34:12
    at dispatch (D:\high-node\exercise\chatRoomEgg\node_modules\koa-compose\index.js:42:32)
    at session (D:\high-node\exercise\chatRoomEgg\node_modules\koa-session\index.js:41:13)
    at dispatch (D:\high-node\exercise\chatRoomEgg\node_modules\koa-compose\index.js:42:32)

pid: 17200
hostname: DESKTOP-0Q5T0JS

2019-08-15 18:55:43,667 WARN 12564 [-/::1/-/6ms POST /user/register] invalid csrf token. See https://eggjs.org/zh-cn/core/security.html#安全威胁csrf的防范
2019-08-15 18:55:43,670 WARN 12564 [-/::1/-/10ms POST /user/register] nodejs.ForbiddenError: invalid csrf token
    at Object.throw (D:\high-node\exercise\chatRoomEgg\node_modules\koa\lib\context.js:97:11)
    at Object.assertCsrf (D:\high-node\exercise\chatRoomEgg\node_modules\egg-security\app\extend\context.js:163:19)
    at csrf (D:\high-node\exercise\chatRoomEgg\node_modules\egg-security\lib\middlewares\csrf.js:33:9)
    at dispatch (D:\high-node\exercise\chatRoomEgg\node_modules\koa-compose\index.js:42:32)
    at D:\high-node\exercise\chatRoomEgg\node_modules\koa-compose\index.js:34:12
    at dispatch (D:\high-node\exercise\chatRoomEgg\node_modules\koa-compose\index.js:42:32)
    at session (D:\high-node\exercise\chatRoomEgg\node_modules\koa-session\index.js:41:13)
    at dispatch (D:\high-node\exercise\chatRoomEgg\node_modules\koa-compose\index.js:42:32)
    at overrideMethod (D:\high-node\exercise\chatRoomEgg\node_modules\koa-override\index.js:38:12)
    at dispatch (D:\high-node\exercise\chatRoomEgg\node_modules\koa-compose\index.js:42:32)
message: "invalid csrf token"
pid: 12564
hostname: DESKTOP-0Q5T0JS

2019-08-15 20:20:39,736 ERROR 13540 [-/169.254.155.89/-/25ms POST /user/register] nodejs.TypeError: Cannot read property 'query' of undefined
    at User.register (D:\high-node\exercise\chatRoomEgg\app\service\user\user.js:8:42)
    at User.register (D:\high-node\exercise\chatRoomEgg\app\controller\user\user.js:15:46)
    at Object.callFn (D:\high-node\exercise\chatRoomEgg\node_modules\egg-core\lib\utils\index.js:44:21)
    at Object.classControllerMiddleware (D:\high-node\exercise\chatRoomEgg\node_modules\egg-core\lib\loader\mixin\controller.js:87:20)
    at Object.callFn (D:\high-node\exercise\chatRoomEgg\node_modules\@eggjs\router\lib\utils.js:12:21)
    at wrappedController (D:\high-node\exercise\chatRoomEgg\node_modules\@eggjs\router\lib\egg_router.js:322:18)
    at dispatch (D:\high-node\exercise\chatRoomEgg\node_modules\@eggjs\router\node_modules\koa-compose\index.js:44:32)
    at next (D:\high-node\exercise\chatRoomEgg\node_modules\@eggjs\router\node_modules\koa-compose\index.js:45:18)
    at D:\high-node\exercise\chatRoomEgg\node_modules\@eggjs\router\lib\router.js:190:18
    at dispatch (D:\high-node\exercise\chatRoomEgg\node_modules\@eggjs\router\node_modules\koa-compose\index.js:44:32)

pid: 13540
hostname: DESKTOP-0Q5T0JS

2019-08-15 20:22:53,213 ERROR 19196 [-/::1/-/18ms POST /user/register] nodejs.TypeError: Cannot read property 'query' of undefined
    at User.register (D:\high-node\exercise\chatRoomEgg\app\service\user\user.js:8:42)
    at User.register (D:\high-node\exercise\chatRoomEgg\app\controller\user\user.js:15:46)
    at Object.callFn (D:\high-node\exercise\chatRoomEgg\node_modules\egg-core\lib\utils\index.js:44:21)
    at Object.classControllerMiddleware (D:\high-node\exercise\chatRoomEgg\node_modules\egg-core\lib\loader\mixin\controller.js:87:20)
    at Object.callFn (D:\high-node\exercise\chatRoomEgg\node_modules\@eggjs\router\lib\utils.js:12:21)
    at wrappedController (D:\high-node\exercise\chatRoomEgg\node_modules\@eggjs\router\lib\egg_router.js:322:18)
    at dispatch (D:\high-node\exercise\chatRoomEgg\node_modules\@eggjs\router\node_modules\koa-compose\index.js:44:32)
    at next (D:\high-node\exercise\chatRoomEgg\node_modules\@eggjs\router\node_modules\koa-compose\index.js:45:18)
    at D:\high-node\exercise\chatRoomEgg\node_modules\@eggjs\router\lib\router.js:190:18
    at dispatch (D:\high-node\exercise\chatRoomEgg\node_modules\@eggjs\router\node_modules\koa-compose\index.js:44:32)

pid: 19196
hostname: DESKTOP-0Q5T0JS

2019-08-15 20:23:53,494 ERROR 16012 [-/::1/-/18ms POST /user/register] nodejs.TypeError: Cannot read property 'query' of undefined
    at User.register (D:\high-node\exercise\chatRoomEgg\app\service\user\user.js:8:42)
    at User.register (D:\high-node\exercise\chatRoomEgg\app\controller\user\user.js:15:46)
    at Object.callFn (D:\high-node\exercise\chatRoomEgg\node_modules\egg-core\lib\utils\index.js:44:21)
    at Object.classControllerMiddleware (D:\high-node\exercise\chatRoomEgg\node_modules\egg-core\lib\loader\mixin\controller.js:87:20)
    at Object.callFn (D:\high-node\exercise\chatRoomEgg\node_modules\@eggjs\router\lib\utils.js:12:21)
    at wrappedController (D:\high-node\exercise\chatRoomEgg\node_modules\@eggjs\router\lib\egg_router.js:322:18)
    at dispatch (D:\high-node\exercise\chatRoomEgg\node_modules\@eggjs\router\node_modules\koa-compose\index.js:44:32)
    at next (D:\high-node\exercise\chatRoomEgg\node_modules\@eggjs\router\node_modules\koa-compose\index.js:45:18)
    at D:\high-node\exercise\chatRoomEgg\node_modules\@eggjs\router\lib\router.js:190:18
    at dispatch (D:\high-node\exercise\chatRoomEgg\node_modules\@eggjs\router\node_modules\koa-compose\index.js:44:32)

pid: 16012
hostname: DESKTOP-0Q5T0JS

2019-08-15 20:34:29,945 ERROR 17828 [-/::1/-/48ms POST /user/register] nodejs.ER_BAD_FIELD_ERRORError: ER_BAD_FIELD_ERROR: Unknown column '陈强' in 'where clause'
    at Query.Sequence._packetToError (D:\high-node\exercise\chatRoomEgg\node_modules\mysql\lib\protocol\sequences\Sequence.js:47:14)
    at Query.ErrorPacket (D:\high-node\exercise\chatRoomEgg\node_modules\mysql\lib\protocol\sequences\Query.js:77:18)
    at Protocol._parsePacket (D:\high-node\exercise\chatRoomEgg\node_modules\mysql\lib\protocol\Protocol.js:291:23)
    at Parser._parsePacket (D:\high-node\exercise\chatRoomEgg\node_modules\mysql\lib\protocol\Parser.js:433:10)
    at Parser.write (D:\high-node\exercise\chatRoomEgg\node_modules\mysql\lib\protocol\Parser.js:43:10)
    at Protocol.write (D:\high-node\exercise\chatRoomEgg\node_modules\mysql\lib\protocol\Protocol.js:38:16)
    at Socket.<anonymous> (D:\high-node\exercise\chatRoomEgg\node_modules\mysql\lib\Connection.js:91:28)
    at Socket.<anonymous> (D:\high-node\exercise\chatRoomEgg\node_modules\mysql\lib\Connection.js:525:10)
    at Socket.emit (events.js:203:13)
    at addChunk (_stream_readable.js:294:12)
    --------------------
    at Pool.query (D:\high-node\exercise\chatRoomEgg\node_modules\mysql\lib\Pool.js:199:23)
    at D:\high-node\exercise\chatRoomEgg\node_modules\ali-rds\node_modules\pify\index.js:29:7
    at new Promise (<anonymous>)
    at Pool.<anonymous> (D:\high-node\exercise\chatRoomEgg\node_modules\ali-rds\node_modules\pify\index.js:12:10)
    at Pool.ret [as query] (D:\high-node\exercise\chatRoomEgg\node_modules\ali-rds\node_modules\pify\index.js:56:34)
    at RDSClient.proto._query (D:\high-node\exercise\chatRoomEgg\node_modules\ali-rds\lib\client.js:34:20)
    at RDSClient.proto.query (D:\high-node\exercise\chatRoomEgg\node_modules\ali-rds\lib\operator.js:54:29)
    at proto.query.next (<anonymous>)
    at onFulfilled (D:\high-node\exercise\chatRoomEgg\node_modules\co\index.js:65:19)
    at D:\high-node\exercise\chatRoomEgg\node_modules\co\index.js:54:5
    sql: select * from chatuser where username=陈强
code: "ER_BAD_FIELD_ERROR"
errno: 1054
sqlMessage: "Unknown column '陈强' in 'where clause'"
sqlState: "42S22"
index: 0
sql: "select * from chatuser where username=陈强"
name: "ER_BAD_FIELD_ERRORError"
pid: 17828
hostname: DESKTOP-0Q5T0JS

2019-08-15 21:32:32,813 ERROR 15880 [-/::1/-/25ms POST /user/register] nodejs.TypeError: Cannot read property 'query' of undefined
    at Find.find (D:\high-node\exercise\chatRoomEgg\app\service\find.js:7:47)
    at User.register (D:\high-node\exercise\chatRoomEgg\app\controller\user\user.js:15:49)
    at Object.callFn (D:\high-node\exercise\chatRoomEgg\node_modules\egg-core\lib\utils\index.js:44:21)
    at Object.classControllerMiddleware (D:\high-node\exercise\chatRoomEgg\node_modules\egg-core\lib\loader\mixin\controller.js:87:20)
    at Object.callFn (D:\high-node\exercise\chatRoomEgg\node_modules\@eggjs\router\lib\utils.js:12:21)
    at wrappedController (D:\high-node\exercise\chatRoomEgg\node_modules\@eggjs\router\lib\egg_router.js:322:18)
    at dispatch (D:\high-node\exercise\chatRoomEgg\node_modules\@eggjs\router\node_modules\koa-compose\index.js:44:32)
    at next (D:\high-node\exercise\chatRoomEgg\node_modules\@eggjs\router\node_modules\koa-compose\index.js:45:18)
    at D:\high-node\exercise\chatRoomEgg\node_modules\@eggjs\router\lib\router.js:190:18
    at dispatch (D:\high-node\exercise\chatRoomEgg\node_modules\@eggjs\router\node_modules\koa-compose\index.js:44:32)

pid: 15880
hostname: DESKTOP-0Q5T0JS

2019-08-19 16:10:18,214 ERROR 1008 [-/::1/-/17ms POST /user/register] nodejs.TypeError: Cannot read property 'length' of undefined
    at User.register (D:\high-node\exercise\chat\chatRoomEgg\app\controller\user\user.js:21:26)
    at processTicksAndRejections (internal/process/task_queues.js:85:5)
    at async D:\high-node\exercise\chat\chatRoomEgg\node_modules\egg-development\app\middleware\egg_loader_trace.js:9:50
    at async xframe (D:\high-node\exercise\chat\chatRoomEgg\node_modules\egg-security\lib\middlewares\xframe.js:7:5)
    at async xssProtection (D:\high-node\exercise\chat\chatRoomEgg\node_modules\egg-security\lib\middlewares\xssProtection.js:7:5)
    at async nosniff (D:\high-node\exercise\chat\chatRoomEgg\node_modules\egg-security\lib\middlewares\nosniff.js:8:5)
    at async noopen (D:\high-node\exercise\chat\chatRoomEgg\node_modules\egg-security\lib\middlewares\noopen.js:8:5)
    at async session (D:\high-node\exercise\chat\chatRoomEgg\node_modules\koa-session\index.js:41:7)
    at async bodyParser (D:\high-node\exercise\chat\chatRoomEgg\node_modules\koa-bodyparser\index.js:86:5)
    at async D:\high-node\exercise\chat\chatRoomEgg\node_modules\koa-static-cache\index.js:51:63

pid: 1008
hostname: DESKTOP-0Q5T0JS

2019-08-19 17:00:32,515 ERROR 16488 [-/169.254.155.89/-/44ms POST /user/register] nodejs.ReferenceError: token is not defined
    at User.register (D:\high-node\exercise\chat\chatRoomEgg\app\controller\user\user.js:39:13)
    at processTicksAndRejections (internal/process/task_queues.js:85:5)
    at async D:\high-node\exercise\chat\chatRoomEgg\node_modules\egg-development\app\middleware\egg_loader_trace.js:9:50
    at async xframe (D:\high-node\exercise\chat\chatRoomEgg\node_modules\egg-security\lib\middlewares\xframe.js:7:5)
    at async xssProtection (D:\high-node\exercise\chat\chatRoomEgg\node_modules\egg-security\lib\middlewares\xssProtection.js:7:5)
    at async nosniff (D:\high-node\exercise\chat\chatRoomEgg\node_modules\egg-security\lib\middlewares\nosniff.js:8:5)
    at async noopen (D:\high-node\exercise\chat\chatRoomEgg\node_modules\egg-security\lib\middlewares\noopen.js:8:5)
    at async session (D:\high-node\exercise\chat\chatRoomEgg\node_modules\koa-session\index.js:41:7)
    at async bodyParser (D:\high-node\exercise\chat\chatRoomEgg\node_modules\koa-bodyparser\index.js:86:5)
    at async D:\high-node\exercise\chat\chatRoomEgg\node_modules\koa-static-cache\index.js:51:63

pid: 16488
hostname: DESKTOP-0Q5T0JS

2019-08-19 17:01:10,693 ERROR 12756 [-/169.254.155.89/-/98ms POST /user/register] nodejs.ReferenceError: token is not defined
    at User.register (D:\high-node\exercise\chat\chatRoomEgg\app\controller\user\user.js:39:13)
    at processTicksAndRejections (internal/process/task_queues.js:85:5)
    at async D:\high-node\exercise\chat\chatRoomEgg\node_modules\egg-development\app\middleware\egg_loader_trace.js:9:50
    at async xframe (D:\high-node\exercise\chat\chatRoomEgg\node_modules\egg-security\lib\middlewares\xframe.js:7:5)
    at async xssProtection (D:\high-node\exercise\chat\chatRoomEgg\node_modules\egg-security\lib\middlewares\xssProtection.js:7:5)
    at async nosniff (D:\high-node\exercise\chat\chatRoomEgg\node_modules\egg-security\lib\middlewares\nosniff.js:8:5)
    at async noopen (D:\high-node\exercise\chat\chatRoomEgg\node_modules\egg-security\lib\middlewares\noopen.js:8:5)
    at async session (D:\high-node\exercise\chat\chatRoomEgg\node_modules\koa-session\index.js:41:7)
    at async bodyParser (D:\high-node\exercise\chat\chatRoomEgg\node_modules\koa-bodyparser\index.js:86:5)
    at async D:\high-node\exercise\chat\chatRoomEgg\node_modules\koa-static-cache\index.js:51:63

pid: 12756
hostname: DESKTOP-0Q5T0JS

2019-08-19 17:02:25,908 ERROR 12756 [-/169.254.155.89/-/13ms POST /user/register] nodejs.ReferenceError: token is not defined
    at User.register (D:\high-node\exercise\chat\chatRoomEgg\app\controller\user\user.js:39:13)
    at processTicksAndRejections (internal/process/task_queues.js:85:5)
    at async D:\high-node\exercise\chat\chatRoomEgg\node_modules\egg-development\app\middleware\egg_loader_trace.js:9:50
    at async xframe (D:\high-node\exercise\chat\chatRoomEgg\node_modules\egg-security\lib\middlewares\xframe.js:7:5)
    at async xssProtection (D:\high-node\exercise\chat\chatRoomEgg\node_modules\egg-security\lib\middlewares\xssProtection.js:7:5)
    at async nosniff (D:\high-node\exercise\chat\chatRoomEgg\node_modules\egg-security\lib\middlewares\nosniff.js:8:5)
    at async noopen (D:\high-node\exercise\chat\chatRoomEgg\node_modules\egg-security\lib\middlewares\noopen.js:8:5)
    at async session (D:\high-node\exercise\chat\chatRoomEgg\node_modules\koa-session\index.js:41:7)
    at async bodyParser (D:\high-node\exercise\chat\chatRoomEgg\node_modules\koa-bodyparser\index.js:86:5)
    at async D:\high-node\exercise\chat\chatRoomEgg\node_modules\koa-static-cache\index.js:51:63

pid: 12756
hostname: DESKTOP-0Q5T0JS

2019-08-19 17:02:43,159 ERROR 1028 [-/169.254.155.89/-/53ms POST /user/register] nodejs.ReferenceError: token is not defined
    at User.register (D:\high-node\exercise\chat\chatRoomEgg\app\controller\user\user.js:39:13)
    at processTicksAndRejections (internal/process/task_queues.js:85:5)
    at async D:\high-node\exercise\chat\chatRoomEgg\node_modules\egg-development\app\middleware\egg_loader_trace.js:9:50
    at async xframe (D:\high-node\exercise\chat\chatRoomEgg\node_modules\egg-security\lib\middlewares\xframe.js:7:5)
    at async xssProtection (D:\high-node\exercise\chat\chatRoomEgg\node_modules\egg-security\lib\middlewares\xssProtection.js:7:5)
    at async nosniff (D:\high-node\exercise\chat\chatRoomEgg\node_modules\egg-security\lib\middlewares\nosniff.js:8:5)
    at async noopen (D:\high-node\exercise\chat\chatRoomEgg\node_modules\egg-security\lib\middlewares\noopen.js:8:5)
    at async session (D:\high-node\exercise\chat\chatRoomEgg\node_modules\koa-session\index.js:41:7)
    at async bodyParser (D:\high-node\exercise\chat\chatRoomEgg\node_modules\koa-bodyparser\index.js:86:5)
    at async D:\high-node\exercise\chat\chatRoomEgg\node_modules\koa-static-cache\index.js:51:63

pid: 1028
hostname: DESKTOP-0Q5T0JS

2019-08-19 17:02:47,029 ERROR 1028 [-/169.254.155.89/-/4ms POST /user/register] nodejs.ReferenceError: token is not defined
    at User.register (D:\high-node\exercise\chat\chatRoomEgg\app\controller\user\user.js:39:13)
    at processTicksAndRejections (internal/process/task_queues.js:85:5)
    at async D:\high-node\exercise\chat\chatRoomEgg\node_modules\egg-development\app\middleware\egg_loader_trace.js:9:50
    at async xframe (D:\high-node\exercise\chat\chatRoomEgg\node_modules\egg-security\lib\middlewares\xframe.js:7:5)
    at async xssProtection (D:\high-node\exercise\chat\chatRoomEgg\node_modules\egg-security\lib\middlewares\xssProtection.js:7:5)
    at async nosniff (D:\high-node\exercise\chat\chatRoomEgg\node_modules\egg-security\lib\middlewares\nosniff.js:8:5)
    at async noopen (D:\high-node\exercise\chat\chatRoomEgg\node_modules\egg-security\lib\middlewares\noopen.js:8:5)
    at async session (D:\high-node\exercise\chat\chatRoomEgg\node_modules\koa-session\index.js:41:7)
    at async bodyParser (D:\high-node\exercise\chat\chatRoomEgg\node_modules\koa-bodyparser\index.js:86:5)
    at async D:\high-node\exercise\chat\chatRoomEgg\node_modules\koa-static-cache\index.js:51:63

pid: 1028
hostname: DESKTOP-0Q5T0JS

2019-08-19 17:02:51,382 ERROR 1028 [-/169.254.155.89/-/10ms POST /user/register] nodejs.ReferenceError: token is not defined
    at User.register (D:\high-node\exercise\chat\chatRoomEgg\app\controller\user\user.js:39:13)
    at processTicksAndRejections (internal/process/task_queues.js:85:5)
    at async D:\high-node\exercise\chat\chatRoomEgg\node_modules\egg-development\app\middleware\egg_loader_trace.js:9:50
    at async xframe (D:\high-node\exercise\chat\chatRoomEgg\node_modules\egg-security\lib\middlewares\xframe.js:7:5)
    at async xssProtection (D:\high-node\exercise\chat\chatRoomEgg\node_modules\egg-security\lib\middlewares\xssProtection.js:7:5)
    at async nosniff (D:\high-node\exercise\chat\chatRoomEgg\node_modules\egg-security\lib\middlewares\nosniff.js:8:5)
    at async noopen (D:\high-node\exercise\chat\chatRoomEgg\node_modules\egg-security\lib\middlewares\noopen.js:8:5)
    at async session (D:\high-node\exercise\chat\chatRoomEgg\node_modules\koa-session\index.js:41:7)
    at async bodyParser (D:\high-node\exercise\chat\chatRoomEgg\node_modules\koa-bodyparser\index.js:86:5)
    at async D:\high-node\exercise\chat\chatRoomEgg\node_modules\koa-static-cache\index.js:51:63

pid: 1028
hostname: DESKTOP-0Q5T0JS

2019-08-19 17:05:32,029 ERROR 1348 [-/169.254.155.89/-/39ms POST /user/register] nodejs.ReferenceError: token is not defined
    at User.register (D:\high-node\exercise\chat\chatRoomEgg\app\controller\user\user.js:38:13)
    at processTicksAndRejections (internal/process/task_queues.js:85:5)
    at async D:\high-node\exercise\chat\chatRoomEgg\node_modules\egg-development\app\middleware\egg_loader_trace.js:9:50
    at async xframe (D:\high-node\exercise\chat\chatRoomEgg\node_modules\egg-security\lib\middlewares\xframe.js:7:5)
    at async xssProtection (D:\high-node\exercise\chat\chatRoomEgg\node_modules\egg-security\lib\middlewares\xssProtection.js:7:5)
    at async nosniff (D:\high-node\exercise\chat\chatRoomEgg\node_modules\egg-security\lib\middlewares\nosniff.js:8:5)
    at async noopen (D:\high-node\exercise\chat\chatRoomEgg\node_modules\egg-security\lib\middlewares\noopen.js:8:5)
    at async session (D:\high-node\exercise\chat\chatRoomEgg\node_modules\koa-session\index.js:41:7)
    at async bodyParser (D:\high-node\exercise\chat\chatRoomEgg\node_modules\koa-bodyparser\index.js:86:5)
    at async D:\high-node\exercise\chat\chatRoomEgg\node_modules\koa-static-cache\index.js:51:63

pid: 1348
hostname: DESKTOP-0Q5T0JS

2019-08-19 20:34:03,702 ERROR 11120 [-/::1/-/9ms GET /user/list] nodejs.ReferenceError: ctx is not defined
    at User.getList (D:\high-node\exercise\chat\chatRoomEgg\app\controller\user\user.js:89:18)
    at Object.callFn (D:\high-node\exercise\chat\chatRoomEgg\node_modules\egg-core\lib\utils\index.js:44:21)
    at Object.classControllerMiddleware (D:\high-node\exercise\chat\chatRoomEgg\node_modules\egg-core\lib\loader\mixin\controller.js:87:20)
    at Object.callFn (D:\high-node\exercise\chat\chatRoomEgg\node_modules\@eggjs\router\lib\utils.js:12:21)
    at wrappedController (D:\high-node\exercise\chat\chatRoomEgg\node_modules\@eggjs\router\lib\egg_router.js:322:18)
    at dispatch (D:\high-node\exercise\chat\chatRoomEgg\node_modules\@eggjs\router\node_modules\koa-compose\index.js:44:32)
    at next (D:\high-node\exercise\chat\chatRoomEgg\node_modules\@eggjs\router\node_modules\koa-compose\index.js:45:18)
    at D:\high-node\exercise\chat\chatRoomEgg\node_modules\@eggjs\router\lib\router.js:190:18
    at dispatch (D:\high-node\exercise\chat\chatRoomEgg\node_modules\@eggjs\router\node_modules\koa-compose\index.js:44:32)
    at D:\high-node\exercise\chat\chatRoomEgg\node_modules\@eggjs\router\node_modules\koa-compose\index.js:36:12

pid: 11120
hostname: DESKTOP-0Q5T0JS

2019-08-21 19:40:38,845 ERROR 13928 [-/169.254.155.89/-/4ms POST /user/upload] nodejs.TypeError: Cannot read property '0' of undefined
    at User.upload (D:\high-node\exercise\chat\chatRoomEgg\app\controller\user\user.js:115:38)
    at Object.callFn (D:\high-node\exercise\chat\chatRoomEgg\node_modules\egg-core\lib\utils\index.js:44:21)
    at Object.classControllerMiddleware (D:\high-node\exercise\chat\chatRoomEgg\node_modules\egg-core\lib\loader\mixin\controller.js:87:20)
    at Object.callFn (D:\high-node\exercise\chat\chatRoomEgg\node_modules\@eggjs\router\lib\utils.js:12:21)
    at wrappedController (D:\high-node\exercise\chat\chatRoomEgg\node_modules\@eggjs\router\lib\egg_router.js:322:18)
    at dispatch (D:\high-node\exercise\chat\chatRoomEgg\node_modules\@eggjs\router\node_modules\koa-compose\index.js:44:32)
    at next (D:\high-node\exercise\chat\chatRoomEgg\node_modules\@eggjs\router\node_modules\koa-compose\index.js:45:18)
    at D:\high-node\exercise\chat\chatRoomEgg\node_modules\@eggjs\router\lib\router.js:190:18
    at dispatch (D:\high-node\exercise\chat\chatRoomEgg\node_modules\@eggjs\router\node_modules\koa-compose\index.js:44:32)
    at D:\high-node\exercise\chat\chatRoomEgg\node_modules\@eggjs\router\node_modules\koa-compose\index.js:36:12

pid: 13928
hostname: DESKTOP-0Q5T0JS

2019-08-22 08:59:43,169 ERROR 10172 [-/169.254.155.89/-/9ms GET /user/list] nodejs.Error: Signature verification failed
    at Object.jwt_decode [as decode] (D:\high-node\exercise\chat\chatRoomEgg\node_modules\jwt-simple\lib\jwt.js:92:13)
    at jurisdiction (D:\high-node\exercise\chat\chatRoomEgg\app\middleware\jurisdiction.js:13:19)
    at dispatch (D:\high-node\exercise\chat\chatRoomEgg\node_modules\@eggjs\router\node_modules\koa-compose\index.js:44:32)
    at next (D:\high-node\exercise\chat\chatRoomEgg\node_modules\@eggjs\router\node_modules\koa-compose\index.js:45:18)
    at D:\high-node\exercise\chat\chatRoomEgg\node_modules\@eggjs\router\lib\router.js:190:18
    at dispatch (D:\high-node\exercise\chat\chatRoomEgg\node_modules\@eggjs\router\node_modules\koa-compose\index.js:44:32)
    at D:\high-node\exercise\chat\chatRoomEgg\node_modules\@eggjs\router\node_modules\koa-compose\index.js:36:12
    at dispatch (D:\high-node\exercise\chat\chatRoomEgg\node_modules\@eggjs\router\lib\router.js:195:33)
    at dispatch (D:\high-node\exercise\chat\chatRoomEgg\node_modules\koa-compose\index.js:42:32)
    at D:\high-node\exercise\chat\chatRoomEgg\node_modules\egg-development\app\middleware\egg_loader_trace.js:9:56

pid: 10172
hostname: DESKTOP-0Q5T0JS

2019-08-22 09:01:41,608 ERROR 14096 [-/169.254.155.89/-/7ms GET /user/list] nodejs.TypeError: ctx.service.user.find is not a function
    at jurisdiction (D:\high-node\exercise\chat\chatRoomEgg\app\middleware\jurisdiction.js:15:37)
    at dispatch (D:\high-node\exercise\chat\chatRoomEgg\node_modules\@eggjs\router\node_modules\koa-compose\index.js:44:32)
    at next (D:\high-node\exercise\chat\chatRoomEgg\node_modules\@eggjs\router\node_modules\koa-compose\index.js:45:18)
    at D:\high-node\exercise\chat\chatRoomEgg\node_modules\@eggjs\router\lib\router.js:190:18
    at dispatch (D:\high-node\exercise\chat\chatRoomEgg\node_modules\@eggjs\router\node_modules\koa-compose\index.js:44:32)
    at D:\high-node\exercise\chat\chatRoomEgg\node_modules\@eggjs\router\node_modules\koa-compose\index.js:36:12
    at dispatch (D:\high-node\exercise\chat\chatRoomEgg\node_modules\@eggjs\router\lib\router.js:195:33)
    at dispatch (D:\high-node\exercise\chat\chatRoomEgg\node_modules\koa-compose\index.js:42:32)
    at D:\high-node\exercise\chat\chatRoomEgg\node_modules\egg-development\app\middleware\egg_loader_trace.js:9:56
    at dispatch (D:\high-node\exercise\chat\chatRoomEgg\node_modules\koa-compose\index.js:42:32)

pid: 14096
hostname: DESKTOP-0Q5T0JS

2019-08-22 09:04:14,518 ERROR 7128 [-/169.254.155.89/-/9ms GET /user/list] nodejs.TypeError: ctx.service.user.find is not a function
    at jurisdiction (D:\high-node\exercise\chat\chatRoomEgg\app\middleware\jurisdiction.js:15:43)
    at dispatch (D:\high-node\exercise\chat\chatRoomEgg\node_modules\@eggjs\router\node_modules\koa-compose\index.js:44:32)
    at next (D:\high-node\exercise\chat\chatRoomEgg\node_modules\@eggjs\router\node_modules\koa-compose\index.js:45:18)
    at D:\high-node\exercise\chat\chatRoomEgg\node_modules\@eggjs\router\lib\router.js:190:18
    at dispatch (D:\high-node\exercise\chat\chatRoomEgg\node_modules\@eggjs\router\node_modules\koa-compose\index.js:44:32)
    at D:\high-node\exercise\chat\chatRoomEgg\node_modules\@eggjs\router\node_modules\koa-compose\index.js:36:12
    at dispatch (D:\high-node\exercise\chat\chatRoomEgg\node_modules\@eggjs\router\lib\router.js:195:33)
    at dispatch (D:\high-node\exercise\chat\chatRoomEgg\node_modules\koa-compose\index.js:42:32)
    at D:\high-node\exercise\chat\chatRoomEgg\node_modules\egg-development\app\middleware\egg_loader_trace.js:9:56
    at dispatch (D:\high-node\exercise\chat\chatRoomEgg\node_modules\koa-compose\index.js:42:32)

pid: 7128
hostname: DESKTOP-0Q5T0JS

2019-08-22 09:14:06,658 ERROR 8180 [-/169.254.155.89/-/8ms GET /user/list] nodejs.Error: Not enough or too many segments
    at Object.jwt_decode [as decode] (D:\high-node\exercise\chat\chatRoomEgg\node_modules\jwt-simple\lib\jwt.js:66:11)
    at jurisdiction (D:\high-node\exercise\chat\chatRoomEgg\app\middleware\jurisdiction.js:13:19)
    at dispatch (D:\high-node\exercise\chat\chatRoomEgg\node_modules\@eggjs\router\node_modules\koa-compose\index.js:44:32)
    at next (D:\high-node\exercise\chat\chatRoomEgg\node_modules\@eggjs\router\node_modules\koa-compose\index.js:45:18)
    at D:\high-node\exercise\chat\chatRoomEgg\node_modules\@eggjs\router\lib\router.js:190:18
    at dispatch (D:\high-node\exercise\chat\chatRoomEgg\node_modules\@eggjs\router\node_modules\koa-compose\index.js:44:32)
    at D:\high-node\exercise\chat\chatRoomEgg\node_modules\@eggjs\router\node_modules\koa-compose\index.js:36:12
    at dispatch (D:\high-node\exercise\chat\chatRoomEgg\node_modules\@eggjs\router\lib\router.js:195:33)
    at dispatch (D:\high-node\exercise\chat\chatRoomEgg\node_modules\koa-compose\index.js:42:32)
    at D:\high-node\exercise\chat\chatRoomEgg\node_modules\egg-development\app\middleware\egg_loader_trace.js:9:56

pid: 8180
hostname: DESKTOP-0Q5T0JS

2019-08-22 09:15:25,386 ERROR 7688 [-/169.254.155.89/-/8ms GET /user/list] nodejs.Error: Not enough or too many segments
    at Object.jwt_decode [as decode] (D:\high-node\exercise\chat\chatRoomEgg\node_modules\jwt-simple\lib\jwt.js:66:11)
    at jurisdiction (D:\high-node\exercise\chat\chatRoomEgg\app\middleware\jurisdiction.js:13:25)
    at dispatch (D:\high-node\exercise\chat\chatRoomEgg\node_modules\@eggjs\router\node_modules\koa-compose\index.js:44:32)
    at next (D:\high-node\exercise\chat\chatRoomEgg\node_modules\@eggjs\router\node_modules\koa-compose\index.js:45:18)
    at D:\high-node\exercise\chat\chatRoomEgg\node_modules\@eggjs\router\lib\router.js:190:18
    at dispatch (D:\high-node\exercise\chat\chatRoomEgg\node_modules\@eggjs\router\node_modules\koa-compose\index.js:44:32)
    at D:\high-node\exercise\chat\chatRoomEgg\node_modules\@eggjs\router\node_modules\koa-compose\index.js:36:12
    at dispatch (D:\high-node\exercise\chat\chatRoomEgg\node_modules\@eggjs\router\lib\router.js:195:33)
    at dispatch (D:\high-node\exercise\chat\chatRoomEgg\node_modules\koa-compose\index.js:42:32)
    at D:\high-node\exercise\chat\chatRoomEgg\node_modules\egg-development\app\middleware\egg_loader_trace.js:9:56

pid: 7688
hostname: DESKTOP-0Q5T0JS

2019-08-22 09:23:30,381 ERROR 6064 [-/169.254.155.89/-/7ms GET /user/list] nodejs.Error: Not enough or too many segments
    at Object.jwt_decode [as decode] (D:\high-node\exercise\chat\chatRoomEgg\node_modules\jwt-simple\lib\jwt.js:66:11)
    at jurisdiction (D:\high-node\exercise\chat\chatRoomEgg\app\middleware\jurisdiction.js:13:25)
    at dispatch (D:\high-node\exercise\chat\chatRoomEgg\node_modules\@eggjs\router\node_modules\koa-compose\index.js:44:32)
    at next (D:\high-node\exercise\chat\chatRoomEgg\node_modules\@eggjs\router\node_modules\koa-compose\index.js:45:18)
    at D:\high-node\exercise\chat\chatRoomEgg\node_modules\@eggjs\router\lib\router.js:190:18
    at dispatch (D:\high-node\exercise\chat\chatRoomEgg\node_modules\@eggjs\router\node_modules\koa-compose\index.js:44:32)
    at D:\high-node\exercise\chat\chatRoomEgg\node_modules\@eggjs\router\node_modules\koa-compose\index.js:36:12
    at dispatch (D:\high-node\exercise\chat\chatRoomEgg\node_modules\@eggjs\router\lib\router.js:195:33)
    at dispatch (D:\high-node\exercise\chat\chatRoomEgg\node_modules\koa-compose\index.js:42:32)
    at D:\high-node\exercise\chat\chatRoomEgg\node_modules\egg-development\app\middleware\egg_loader_trace.js:9:56

pid: 6064
hostname: DESKTOP-0Q5T0JS

